#
# There is insufficient memory for the Java Runtime Environment to continue.
# Native memory allocation (malloc) failed to allocate 2176896 bytes for Chunk::new
# Possible reasons:
#   The system is out of physical RAM or swap space
#   In 32 bit mode, the process size limit was hit
# Possible solutions:
#   Reduce memory load on the system
#   Increase physical memory or swap space
#   Check if swap backing store is full
#   Use 64 bit Java on a 64 bit OS
#   Decrease Java heap size (-Xmx/-Xms)
#   Decrease number of Java threads
#   Decrease Java thread stack sizes (-Xss)
#   Set larger code cache with -XX:ReservedCodeCacheSize=
# This output file may be truncated or incomplete.
#
#  Out of Memory Error (allocation.cpp:390), pid=13812, tid=7356
#
# JRE version: Java(TM) SE Runtime Environment (8.0_91-b14) (build 1.8.0_91-b14)
# Java VM: Java HotSpot(TM) 64-Bit Server VM (25.91-b14 mixed mode windows-amd64 compressed oops)
# Failed to write core dump. Minidumps are not enabled by default on client versions of Windows
#

---------------  T H R E A D  ---------------

Current thread (0x00000000166e1000):  JavaThread "C2 CompilerThread1" daemon [_thread_in_native, id=7356, stack(0x0000000017e50000,0x0000000017f50000)]

Stack: [0x0000000017e50000,0x0000000017f50000]
[error occurred during error reporting (printing stack bounds), id 0xc0000005]

Native frames: (J=compiled Java code, j=interpreted, Vv=VM code, C=native code)


Current CompileTask:
C2:   4480 1692       4       java.net.URLClassLoader$1::run (5 bytes)


---------------  P R O C E S S  ---------------

Java Threads: ( => current thread )
  0x00000000195aa000 JavaThread "Stdin handler" [_thread_blocked, id=13060, stack(0x000000001ac80000,0x000000001ad80000)]
  0x0000000019352000 JavaThread "Asynchronous log dispatcher for org.gradle.launcher.daemon.server.DefaultDaemonConnection@4fffa7de" [_thread_blocked, id=11964, stack(0x000000001ab80000,0x000000001ac80000)]
  0x000000001934f800 JavaThread "Daemon worker" [_thread_in_native, id=13064, stack(0x000000001aa80000,0x000000001ab80000)]
  0x0000000019602000 JavaThread "Cancel handler" [_thread_blocked, id=6804, stack(0x000000001a980000,0x000000001aa80000)]
  0x0000000019583800 JavaThread "Handler for socket connection from /127.0.0.1:58385 to /127.0.0.1:58388" [_thread_in_native, id=8376, stack(0x000000001a880000,0x000000001a980000)]
  0x0000000019583000 JavaThread "Daemon" [_thread_blocked, id=7952, stack(0x000000001a780000,0x000000001a880000)]
  0x000000001929d800 JavaThread "Incoming local TCP Connector on port 58385" [_thread_in_native, id=12668, stack(0x000000001a350000,0x000000001a450000)]
  0x00000000192ad800 JavaThread "pool-1-thread-1" [_thread_blocked, id=11124, stack(0x0000000018e50000,0x0000000018f50000)]
  0x000000001673e800 JavaThread "Service Thread" daemon [_thread_blocked, id=10980, stack(0x0000000018450000,0x0000000018550000)]
  0x00000000166e5800 JavaThread "C1 CompilerThread2" daemon [_thread_blocked, id=10572, stack(0x0000000017f50000,0x0000000018050000)]
=>0x00000000166e1000 JavaThread "C2 CompilerThread1" daemon [_thread_in_native, id=7356, stack(0x0000000017e50000,0x0000000017f50000)]
  0x00000000166de800 JavaThread "C2 CompilerThread0" daemon [_thread_blocked, id=5656, stack(0x0000000017d50000,0x0000000017e50000)]
  0x00000000166dd000 JavaThread "Attach Listener" daemon [_thread_blocked, id=13504, stack(0x0000000017c50000,0x0000000017d50000)]
  0x00000000166da800 JavaThread "Signal Dispatcher" daemon [_thread_blocked, id=3852, stack(0x0000000017b50000,0x0000000017c50000)]
  0x00000000166ca800 JavaThread "Finalizer" daemon [_thread_blocked, id=7516, stack(0x0000000017960000,0x0000000017a60000)]
  0x0000000002d5f000 JavaThread "Reference Handler" daemon [_thread_blocked, id=12824, stack(0x0000000017860000,0x0000000017960000)]
  0x0000000002c70800 JavaThread "main" [_thread_blocked, id=8828, stack(0x0000000002a90000,0x0000000002b90000)]

Other Threads:
  0x00000000166a7800 VMThread [stack: 0x0000000017760000,0x0000000017860000] [id=11780]
  0x00000000180b3000 WatcherThread [stack: 0x0000000018550000,0x0000000018650000] [id=11476]

VM state:not at safepoint (normal execution)

VM Mutex/Monitor currently owned by a thread: None

Heap:
 PSYoungGen      total 57344K, used 20749K [0x00000000e0000000, 0x00000000e7000000, 0x0000000100000000)
  eden space 49152K, 25% used [0x00000000e0000000,0x00000000e0c48f98,0x00000000e3000000)
  from space 8192K, 99% used [0x00000000e3800000,0x00000000e3ffa700,0x00000000e4000000)
  to   space 8192K, 0% used [0x00000000e3000000,0x00000000e3000000,0x00000000e3800000)
 ParOldGen       total 131072K, used 2287K [0x00000000a0000000, 0x00000000a8000000, 0x00000000e0000000)
  object space 131072K, 1% used [0x00000000a0000000,0x00000000a023bcf8,0x00000000a8000000)
 Metaspace       used 19644K, capacity 19938K, committed 20224K, reserved 1067008K
  class space    used 2598K, capacity 2719K, committed 2816K, reserved 1048576K

Card table byte_map: [0x0000000012130000,0x0000000012440000] byte_map_base: 0x0000000011c30000

Marking Bits: (ParMarkBitMap*) 0x0000000057e12f70
 Begin Bits: [0x0000000012a40000, 0x0000000014240000)
 End Bits:   [0x0000000014240000, 0x0000000015a40000)

Polling page: 0x0000000000d80000

CodeCache: size=245760Kb used=7115Kb max_used=7115Kb free=238644Kb
 bounds [0x0000000002d70000, 0x0000000003470000, 0x0000000011d70000]
 total_blobs=2408 nmethods=1788 adapters=532
 compilation: enabled

Compilation events (10 events):
Event: 4.446 Thread 0x00000000166e5800 1786       3       java.util.LinkedList$ListItr::<init> (47 bytes)
Event: 4.446 Thread 0x00000000166e5800 nmethod 1786 0x000000000345bb10 code [0x000000000345bc80, 0x000000000345bf28]
Event: 4.446 Thread 0x00000000166e5800 1785       3       java.util.Arrays$ArrayList::<init> (16 bytes)
Event: 4.447 Thread 0x00000000166e5800 nmethod 1785 0x000000000345c050 code [0x000000000345c1e0, 0x000000000345c5c8]
Event: 4.447 Thread 0x00000000166e5800 1787       3       java.util.HashMap::afterNodeRemoval (1 bytes)
Event: 4.447 Thread 0x00000000166e5800 nmethod 1787 0x000000000345c790 code [0x000000000345c8e0, 0x000000000345ca30]
Event: 4.452 Thread 0x00000000166e5800 1788   !   3       java.io.WinNTFileSystem::resolve (362 bytes)
Event: 4.459 Thread 0x00000000166e5800 nmethod 1788 0x000000000345ca90 code [0x000000000345d280, 0x0000000003462848]
Event: 4.459 Thread 0x00000000166e5800 1789       1       java.util.Formatter::access$000 (5 bytes)
Event: 4.459 Thread 0x00000000166e5800 nmethod 1789 0x0000000003455c50 code [0x0000000003455da0, 0x0000000003455e90]

GC Heap History (4 events):
Event: 2.081 GC heap before
{Heap before GC invocations=1 (full 0):
 PSYoungGen      total 57344K, used 49152K [0x00000000e0000000, 0x00000000e4000000, 0x0000000100000000)
  eden space 49152K, 100% used [0x00000000e0000000,0x00000000e3000000,0x00000000e3000000)
  from space 8192K, 0% used [0x00000000e3800000,0x00000000e3800000,0x00000000e4000000)
  to   space 8192K, 0% used [0x00000000e3000000,0x00000000e3000000,0x00000000e3800000)
 ParOldGen       total 131072K, used 0K [0x00000000a0000000, 0x00000000a8000000, 0x00000000e0000000)
  object space 131072K, 0% used [0x00000000a0000000,0x00000000a0000000,0x00000000a8000000)
 Metaspace       used 10732K, capacity 11108K, committed 11264K, reserved 1058816K
  class space    used 1400K, capacity 1532K, committed 1536K, reserved 1048576K
Event: 2.093 GC heap after
Heap after GC invocations=1 (full 0):
 PSYoungGen      total 57344K, used 6390K [0x00000000e0000000, 0x00000000e4000000, 0x0000000100000000)
  eden space 49152K, 0% used [0x00000000e0000000,0x00000000e0000000,0x00000000e3000000)
  from space 8192K, 78% used [0x00000000e3000000,0x00000000e363dbf0,0x00000000e3800000)
  to   space 8192K, 0% used [0x00000000e3800000,0x00000000e3800000,0x00000000e4000000)
 ParOldGen       total 131072K, used 16K [0x00000000a0000000, 0x00000000a8000000, 0x00000000e0000000)
  object space 131072K, 0% used [0x00000000a0000000,0x00000000a0004000,0x00000000a8000000)
 Metaspace       used 10732K, capacity 11108K, committed 11264K, reserved 1058816K
  class space    used 1400K, capacity 1532K, committed 1536K, reserved 1048576K
}
Event: 3.840 GC heap before
{Heap before GC invocations=2 (full 0):
 PSYoungGen      total 57344K, used 55542K [0x00000000e0000000, 0x00000000e4000000, 0x0000000100000000)
  eden space 49152K, 100% used [0x00000000e0000000,0x00000000e3000000,0x00000000e3000000)
  from space 8192K, 78% used [0x00000000e3000000,0x00000000e363dbf0,0x00000000e3800000)
  to   space 8192K, 0% used [0x00000000e3800000,0x00000000e3800000,0x00000000e4000000)
 ParOldGen       total 131072K, used 16K [0x00000000a0000000, 0x00000000a8000000, 0x00000000e0000000)
  object space 131072K, 0% used [0x00000000a0000000,0x00000000a0004000,0x00000000a8000000)
 Metaspace       used 18335K, capacity 18648K, committed 18816K, reserved 1064960K
  class space    used 2507K, capacity 2614K, committed 2688K, reserved 1048576K
Event: 3.890 GC heap after
Heap after GC invocations=2 (full 0):
 PSYoungGen      total 57344K, used 8169K [0x00000000e0000000, 0x00000000e7000000, 0x0000000100000000)
  eden space 49152K, 0% used [0x00000000e0000000,0x00000000e0000000,0x00000000e3000000)
  from space 8192K, 99% used [0x00000000e3800000,0x00000000e3ffa700,0x00000000e4000000)
  to   space 8192K, 0% used [0x00000000e3000000,0x00000000e3000000,0x00000000e3800000)
 ParOldGen       total 131072K, used 2287K [0x00000000a0000000, 0x00000000a8000000, 0x00000000e0000000)
  object space 131072K, 1% used [0x00000000a0000000,0x00000000a023bcf8,0x00000000a8000000)
 Metaspace       used 18335K, capacity 18648K, committed 18816K, reserved 1064960K
  class space    used 2507K, capacity 2614K, committed 2688K, reserved 1048576K
}

Deoptimization events (10 events):
Event: 3.932 Thread 0x000000001934f800 Uncommon trap: reason=class_check action=maybe_recompile pc=0x0000000002f461a8 method=java.lang.String.equals(Ljava/lang/Object;)Z @ 8
Event: 4.163 Thread 0x000000001934f800 Uncommon trap: reason=bimorphic action=maybe_recompile pc=0x00000000031f180c method=java.lang.ClassLoader.loadClass(Ljava/lang/String;Z)Ljava/lang/Class; @ 38
Event: 4.163 Thread 0x000000001934f800 Uncommon trap: reason=bimorphic action=maybe_recompile pc=0x00000000031f180c method=java.lang.ClassLoader.loadClass(Ljava/lang/String;Z)Ljava/lang/Class; @ 38
Event: 4.164 Thread 0x000000001934f800 Uncommon trap: reason=class_check action=maybe_recompile pc=0x0000000002f44028 method=sun.misc.URLClassPath.getLoader(I)Lsun/misc/URLClassPath$Loader; @ 94
Event: 4.164 Thread 0x000000001934f800 Uncommon trap: reason=class_check action=maybe_recompile pc=0x00000000032e7d6c method=sun.misc.URLClassPath.getResource(Ljava/lang/String;Z)Lsun/misc/Resource; @ 62
Event: 4.167 Thread 0x000000001934f800 Uncommon trap: reason=bimorphic action=maybe_recompile pc=0x00000000031f180c method=java.lang.ClassLoader.loadClass(Ljava/lang/String;Z)Ljava/lang/Class; @ 38
Event: 4.167 Thread 0x000000001934f800 Uncommon trap: reason=bimorphic action=maybe_recompile pc=0x00000000031f180c method=java.lang.ClassLoader.loadClass(Ljava/lang/String;Z)Ljava/lang/Class; @ 38
Event: 4.215 Thread 0x000000001934f800 Uncommon trap: reason=class_check action=maybe_recompile pc=0x0000000002f441bc method=sun.misc.URLClassPath.getLoader(I)Lsun/misc/URLClassPath$Loader; @ 193
Event: 4.231 Thread 0x000000001934f800 Uncommon trap: reason=class_check action=maybe_recompile pc=0x0000000002f441bc method=sun.misc.URLClassPath.getLoader(I)Lsun/misc/URLClassPath$Loader; @ 193
Event: 4.257 Thread 0x000000001934f800 Uncommon trap: reason=class_check action=maybe_recompile pc=0x0000000002f441bc method=sun.misc.URLClassPath.getLoader(I)Lsun/misc/URLClassPath$Loader; @ 193

Internal exceptions (10 events):
Event: 4.379 Thread 0x000000001934f800 Exception <a 'java/lang/ClassNotFoundException': org/gradle/invocation/DefaultGradle_DecoratedBeanInfo> (0x00000000e0a1a160) thrown at [C:\re\workspace\8-2-build-windows-amd64-cygwin\jdk8u91\6644\hotspot\src\share\vm\classfile\systemDictionary.cpp, line 21‡ŒAZÓÑ@
Event: 4.380 Thread 0x000000001934f800 Exception <a 'java/lang/ClassNotFoundException': org/gradle/invocation/DefaultGradleBeanInfo> (0x00000000e0a34e38) thrown at [C:\re\workspace\8-2-build-windows-amd64-cygwin\jdk8u91\6644\hotspot\src\share\vm\classfile\systemDictionary.cpp, line 210]
Event: 4.381 Thread 0x000000001934f800 Exception <a 'java/lang/ClassNotFoundException': org/gradle/api/internal/project/AbstractPluginAwareBeanInfo> (0x00000000e0a55430) thrown at [C:\re\workspace\8-2-build-windows-amd64-cygwin\jdk8u91\6644\hotspot\src\share\vm\classfile\systemDictionary.cpp, lIõÅÜ@
Event: 4.381 Thread 0x000000001934f800 Exception <a 'java/lang/ClassNotFoundException': org/gradle/api/internal/project/AbstractPluginAwareCustomizer> (0x00000000e0a76258) thrown at [C:\re\workspace\8-2-build-windows-amd64-cygwin\jdk8u91\6644\hotspot\src\share\vm\classfile\systemDictionary.cpp,„YËÖ„á@
Event: 4.383 Thread 0x000000001934f800 Exception <a 'java/lang/ClassNotFoundException': org/gradle/invocation/DefaultGradleCustomizer> (0x00000000e0a97838) thrown at [C:\re\workspace\8-2-build-windows-amd64-cygwin\jdk8u91\6644\hotspot\src\share\vm\classfile\systemDictionary.cpp, line 210]
Event: 4.386 Thread 0x000000001934f800 Exception <a 'java/lang/ClassNotFoundException': org/gradle/invocation/DefaultGradle_DecoratedCustomizer> (0x00000000e0ad9070) thrown at [C:\re\workspace\8-2-build-windows-amd64-cygwin\jdk8u91\6644\hotspot\src\share\vm\classfile\systemDictionary.cpp, line |≠e”°@
Event: 4.408 Thread 0x000000001934f800 Exception <a 'java/lang/NoSuchMethodError': <clinit>> (0x00000000e0b52440) thrown at [C:\re\workspace\8-2-build-windows-amd64-cygwin\jdk8u91\6644\hotspot\src\share\vm\prims\jni.cpp, line 1613]
Event: 4.411 Thread 0x000000001934f800 Exception <a 'java/lang/NoSuchMethodError': <clinit>> (0x00000000e0b6fe98) thrown at [C:\re\workspace\8-2-build-windows-amd64-cygwin\jdk8u91\6644\hotspot\src\share\vm\prims\jni.cpp, line 1613]
Event: 4.411 Thread 0x000000001934f800 Exception <a 'java/lang/NoSuchMethodError': <clinit>> (0x00000000e0b70f80) thrown at [C:\re\workspace\8-2-build-windows-amd64-cygwin\jdk8u91\6644\hotspot\src\share\vm\prims\jni.cpp, line 1613]
Event: 4.411 Thread 0x000000001934f800 Exception <a 'java/lang/NoSuchMethodError': <clinit>> (0x00000000e0b72910) thrown at [C:\re\workspace\8-2-build-windows-amd64-cygwin\jdk8u91\6644\hotspot\src\share\vm\prims\jni.cpp, line 1613]

Events (10 events):
Event: 4.448 loading class org/gradle/util/GUtil$1
Event: 4.448 loading class org/gradle/util/GUtil$1 done
Event: 4.449 loading class org/gradle/configuration/InitialPassSettingScriptTarget
Event: 4.449 loading class org/gradle/configuration/InitialPassSettingScriptTarget done
Event: 4.449 loading class org/gradle/configuration/SettingScriptTarget
Event: 4.449 loading class org/gradle/configuration/SettingScriptTarget done
Event: 4.450 loading class org/gradle/initialization/InitialPassSettingsScript
Event: 4.450 loading class org/gradle/initialization/InitialPassSettingsScript done
Event: 4.451 loading class org/gradle/initialization/SettingsScript
Event: 4.451 loading class org/gradle/initialization/SettingsScript done


Dynamic libraries:
0x00007ff7c0960000 - 0x00007ff7c0997000 	C:\Program Files\Java\jdk1.8.0_91\bin\java.exe
0x00007ffbd4ef0000 - 0x00007ffbd50c1000 	C:\WINDOWS\SYSTEM32\ntdll.dll
0x00007ffbd4e40000 - 0x00007ffbd4eeb000 	C:\WINDOWS\System32\KERNEL32.DLL
0x00007ffbd1750000 - 0x00007ffbd196d000 	C:\WINDOWS\System32\KERNELBASE.dll
0x00007ffbd24a0000 - 0x00007ffbd2542000 	C:\WINDOWS\System32\ADVAPI32.dll
0x00007ffbd2550000 - 0x00007ffbd25ee000 	C:\WINDOWS\System32\msvcrt.dll
0x00007ffbd3760000 - 0x00007ffbd37b9000 	C:\WINDOWS\System32\sechost.dll
0x00007ffbd25f0000 - 0x00007ffbd2711000 	C:\WINDOWS\System32\RPCRT4.dll
0x00007ffbd37c0000 - 0x00007ffbd3925000 	C:\WINDOWS\System32\USER32.dll
0x00007ffbd1560000 - 0x00007ffbd157e000 	C:\WINDOWS\System32\win32u.dll
0x00007ffbd3720000 - 0x00007ffbd3754000 	C:\WINDOWS\System32\GDI32.dll
0x00007ffbd1a20000 - 0x00007ffbd1ba2000 	C:\WINDOWS\System32\gdi32full.dll
0x00007ffbcc630000 - 0x00007ffbcc8a9000 	C:\WINDOWS\WinSxS\amd64_microsoft.windows.common-controls_6595b64144ccf1df_6.0.14393.447_none_42191651c6827bb3\COMCTL32.dll
0x00007ffbd2ef0000 - 0x00007ffbd31b8000 	C:\WINDOWS\System32\combase.dll
0x00007ffbd1bb0000 - 0x00007ffbd1ca5000 	C:\WINDOWS\System32\ucrtbase.dll
0x00007ffbd14f0000 - 0x00007ffbd155a000 	C:\WINDOWS\System32\bcryptPrimitives.dll
0x00007ffbd3530000 - 0x00007ffbd355e000 	C:\WINDOWS\System32\IMM32.DLL
0x0000000057ea0000 - 0x0000000057f72000 	C:\Program Files\Java\jdk1.8.0_91\jre\bin\msvcr100.dll
0x0000000057600000 - 0x0000000057e93000 	C:\Program Files\Java\jdk1.8.0_91\jre\bin\server\jvm.dll
0x00007ffbd3330000 - 0x00007ffbd3338000 	C:\WINDOWS\System32\PSAPI.DLL
0x00007ffbce980000 - 0x00007ffbce9a3000 	C:\WINDOWS\SYSTEM32\WINMM.dll
0x00007ffbcc8b0000 - 0x00007ffbcc8ba000 	C:\WINDOWS\SYSTEM32\VERSION.dll
0x00007ffbae630000 - 0x00007ffbae639000 	C:\WINDOWS\SYSTEM32\WSOCK32.dll
0x00007ffbd2c70000 - 0x00007ffbd2cda000 	C:\WINDOWS\System32\WS2_32.dll
0x00007ffbce950000 - 0x00007ffbce97b000 	C:\WINDOWS\SYSTEM32\WINMMBASE.dll
0x00007ffbd2430000 - 0x00007ffbd2472000 	C:\WINDOWS\System32\cfgmgr32.dll
0x00000000575f0000 - 0x00000000575ff000 	C:\Program Files\Java\jdk1.8.0_91\jre\bin\verify.dll
0x00000000575c0000 - 0x00000000575e9000 	C:\Program Files\Java\jdk1.8.0_91\jre\bin\java.dll
0x00000000575a0000 - 0x00000000575b6000 	C:\Program Files\Java\jdk1.8.0_91\jre\bin\zip.dll
0x00007ffbd3930000 - 0x00007ffbd4e39000 	C:\WINDOWS\System32\SHELL32.dll
0x00007ffbd1cb0000 - 0x00007ffbd238a000 	C:\WINDOWS\System32\windows.storage.dll
0x00007ffbd1390000 - 0x00007ffbd13dc000 	C:\WINDOWS\System32\powrprof.dll
0x00007ffbd2bb0000 - 0x00007ffbd2c02000 	C:\WINDOWS\System32\shlwapi.dll
0x00007ffbd1380000 - 0x00007ffbd138f000 	C:\WINDOWS\System32\kernel.appcore.dll
0x00007ffbd1970000 - 0x00007ffbd1a19000 	C:\WINDOWS\System32\shcore.dll
0x00007ffbd1360000 - 0x00007ffbd1374000 	C:\WINDOWS\System32\profapi.dll
0x0000000057580000 - 0x000000005759a000 	C:\Program Files\Java\jdk1.8.0_91\jre\bin\net.dll
0x00007ffbd0c80000 - 0x00007ffbd0cdc000 	C:\WINDOWS\system32\mswsock.dll
0x0000000057560000 - 0x0000000057571000 	C:\Program Files\Java\jdk1.8.0_91\jre\bin\nio.dll
0x00007ffbb2090000 - 0x00007ffbb20a2000 	C:\Users\nande\.gradle\native\19\windows-amd64\native-platform.dll
0x00007ffbd0e20000 - 0x00007ffbd0e37000 	C:\WINDOWS\SYSTEM32\CRYPTSP.dll
0x00007ffbd0890000 - 0x00007ffbd08c3000 	C:\WINDOWS\system32\rsaenh.dll
0x00007ffbd0f30000 - 0x00007ffbd0f5b000 	C:\WINDOWS\SYSTEM32\bcrypt.dll
0x00007ffbd0b00000 - 0x00007ffbd0b1f000 	C:\WINDOWS\SYSTEM32\USERENV.dll
0x00007ffbd0e40000 - 0x00007ffbd0e4b000 	C:\WINDOWS\SYSTEM32\CRYPTBASE.dll
0x00007ffbd0a10000 - 0x00007ffbd0a48000 	C:\WINDOWS\SYSTEM32\IPHLPAPI.DLL
0x00007ffbd3320000 - 0x00007ffbd3328000 	C:\WINDOWS\System32\NSI.dll
0x00007ffbc7910000 - 0x00007ffbc7926000 	C:\WINDOWS\SYSTEM32\dhcpcsvc6.DLL
0x00007ffbc7a80000 - 0x00007ffbc7a9a000 	C:\WINDOWS\SYSTEM32\dhcpcsvc.DLL
0x0000000057550000 - 0x000000005755d000 	C:\Program Files\Java\jdk1.8.0_91\jre\bin\management.dll

VM Arguments:
jvm_args: -Xmx1536m -Dfile.encoding=windows-1252 -Duser.country=US -Duser.language=en -Duser.variant 
java_command: org.gradle.launcher.daemon.bootstrap.GradleDaemon 2.14.1
java_class_path (initial): C:\Program Files\Android\Android Studio\gradle\gradle-2.14.1\lib\gradle-launcher-2.14.1.jar
Launcher Type: SUN_STANDARD

Environment Variables:
PATH=C:\Program Files\Java\jdk1.8.0_91\bin;C:\ProgramData\Oracle\Java\javapath;C:\WINDOWS\system32;C:\WINDOWS;C:\WINDOWS\System32\Wbem;C:\WINDOWS\System32\WindowsPowerShell\v1.0\;C:\Program Files\Git\cmd;C:\Program Files\nodejs\;C:\Program Files (x86)\Heroku\bin;C:\Program Files (x86)\git\cmd;C:\Program Files (x86)\Git\cmd;C:\Users\nande\AppData\Local\Microsoft\WindowsApps;C:\Users\nande\AppData\Roaming\npm
USERNAME=nande
OS=Windows_NT
PROCESSOR_IDENTIFIER=Intel64 Family 6 Model 69 Stepping 1, GenuineIntel



---------------  S Y S T E M  ---------------

OS: Windows 10.0 , 64 bit Build 14393 (10.0.14393.0)

CPU:total 4 (2 cores per cpu, 2 threads per core) family 6 model 69 stepping 1, cmov, cx8, fxsr, mmx, sse, sse2, sse3, ssse3, sse4.1, sse4.2, popcnt, avx, avx2, aes, clmul, erms, lzcnt, ht, tsc, tscinvbit, bmi1, bmi2

Memory: 4k page, physical 12476780k(3062420k free), swap 50225516k(5272k free)

vm_info: Java HotSpot(TM) 64-Bit Server VM (25.91-b14) for windows-amd64 JRE (1.8.0_91-b14), built on Apr  1 2016 00:58:32 by "java_re" with MS VC++ 10.0 (VS2010)

time: Thu Feb 02 19:00:42 2017
elapsed time: 4 seconds (0d 0h 0m 4s)

