#
# There is insufficient memory for the Java Runtime Environment to continue.
# Native memory allocation (malloc) failed to allocate 339056 bytes for Chunk::new
# Possible reasons:
#   The system is out of physical RAM or swap space
#   In 32 bit mode, the process size limit was hit
# Possible solutions:
#   Reduce memory load on the system
#   Increase physical memory or swap space
#   Check if swap backing store is full
#   Use 64 bit Java on a 64 bit OS
#   Decrease Java heap size (-Xmx/-Xms)
#   Decrease number of Java threads
#   Decrease Java thread stack sizes (-Xss)
#   Set larger code cache with -XX:ReservedCodeCacheSize=
# This output file may be truncated or incomplete.
#
#  Out of Memory Error (allocation.cpp:390), pid=14300, tid=712
#
# JRE version: Java(TM) SE Runtime Environment (8.0_91-b14) (build 1.8.0_91-b14)
# Java VM: Java HotSpot(TM) 64-Bit Server VM (25.91-b14 mixed mode windows-amd64 compressed oops)
# Failed to write core dump. Minidumps are not enabled by default on client versions of Windows
#

---------------  T H R E A D  ---------------

Current thread (0x000000001678f800):  JavaThread "C2 CompilerThread1" daemon [_thread_in_native, id=712, stack(0x0000000017ff0000,0x00000000180f0000)]

Stack: [0x0000000017ff0000,0x00000000180f0000]
[error occurred during error reporting (printing stack bounds), id 0xc0000005]

Native frames: (J=compiled Java code, j=interpreted, Vv=VM code, C=native code)


Current CompileTask:
C2:  18198 4009   !   4       java.lang.ClassLoader::getPackage (118 bytes)


---------------  P R O C E S S  ---------------

Java Threads: ( => current thread )
  0x000000001b889000 JavaThread "File lock request listener" [_thread_in_native, id=12740, stack(0x000000001e650000,0x000000001e750000)]
  0x00000000195f0800 JavaThread "Stdin handler" [_thread_blocked, id=13420, stack(0x000000001ade0000,0x000000001aee0000)]
  0x00000000195ef800 JavaThread "Asynchronous log dispatcher for org.gradle.launcher.daemon.server.DefaultDaemonConnection@175d8028" [_thread_blocked, id=8184, stack(0x000000001ace0000,0x000000001ade0000)]
  0x0000000019626000 JavaThread "Daemon worker" [_thread_in_Java, id=13992, stack(0x000000001abe0000,0x000000001ace0000)]
  0x0000000019623000 JavaThread "Cancel handler" [_thread_blocked, id=12036, stack(0x000000001aae0000,0x000000001abe0000)]
  0x0000000018ae9800 JavaThread "Handler for socket connection from /127.0.0.1:58628 to /127.0.0.1:58636" [_thread_in_native, id=3516, stack(0x000000001a9e0000,0x000000001aae0000)]
  0x0000000018ae2000 JavaThread "Daemon" [_thread_blocked, id=10476, stack(0x000000001a8e0000,0x000000001a9e0000)]
  0x00000000197ba800 JavaThread "Incoming local TCP Connector on port 58628" [_thread_in_native, id=1508, stack(0x000000001a4b0000,0x000000001a5b0000)]
  0x000000001989d800 JavaThread "pool-1-thread-1" [_thread_blocked, id=6352, stack(0x0000000018ff0000,0x00000000190f0000)]
  0x000000001821c000 JavaThread "Service Thread" daemon [_thread_blocked, id=1420, stack(0x00000000185f0000,0x00000000186f0000)]
  0x0000000016798800 JavaThread "C1 CompilerThread2" daemon [_thread_blocked, id=9640, stack(0x00000000180f0000,0x00000000181f0000)]
=>0x000000001678f800 JavaThread "C2 CompilerThread1" daemon [_thread_in_native, id=712, stack(0x0000000017ff0000,0x00000000180f0000)]
  0x000000001678d000 JavaThread "C2 CompilerThread0" daemon [_thread_in_native, id=4328, stack(0x0000000017ef0000,0x0000000017ff0000)]
  0x000000001678b800 JavaThread "Attach Listener" daemon [_thread_blocked, id=8428, stack(0x0000000017df0000,0x0000000017ef0000)]
  0x000000001678a000 JavaThread "Signal Dispatcher" daemon [_thread_blocked, id=13536, stack(0x0000000017cf0000,0x0000000017df0000)]
  0x000000001677a000 JavaThread "Finalizer" daemon [_thread_blocked, id=5824, stack(0x00000000179f0000,0x0000000017af0000)]
  0x0000000002e0f000 JavaThread "Reference Handler" daemon [_thread_blocked, id=13080, stack(0x00000000178f0000,0x00000000179f0000)]
  0x0000000002d20800 JavaThread "main" [_thread_blocked, id=10644, stack(0x0000000002bb0000,0x0000000002cb0000)]

Other Threads:
  0x0000000016757800 VMThread [stack: 0x00000000177f0000,0x00000000178f0000] [id=5588]
  0x0000000018220000 WatcherThread [stack: 0x00000000186f0000,0x00000000187f0000] [id=4980]

VM state:not at safepoint (normal execution)

VM Mutex/Monitor currently owned by a thread: None

Heap:
 PSYoungGen      total 135680K, used 12076K [0x00000000e0000000, 0x00000000e9800000, 0x0000000100000000)
  eden space 123392K, 9% used [0x00000000e0000000,0x00000000e0bcb1f0,0x00000000e7880000)
  from space 12288K, 0% used [0x00000000e8480000,0x00000000e8480000,0x00000000e9080000)
  to   space 12288K, 0% used [0x00000000e7880000,0x00000000e7880000,0x00000000e8480000)
 ParOldGen       total 77824K, used 15053K [0x00000000a0000000, 0x00000000a4c00000, 0x00000000e0000000)
  object space 77824K, 19% used [0x00000000a0000000,0x00000000a0eb3598,0x00000000a4c00000)
 Metaspace       used 35181K, capacity 35694K, committed 36224K, reserved 1081344K
  class space    used 4802K, capacity 4934K, committed 4992K, reserved 1048576K

Card table byte_map: [0x00000000121e0000,0x00000000124f0000] byte_map_base: 0x0000000011ce0000

Marking Bits: (ParMarkBitMap*) 0x0000000057e12f70
 Begin Bits: [0x0000000012af0000, 0x00000000142f0000)
 End Bits:   [0x00000000142f0000, 0x0000000015af0000)

Polling page: 0x0000000002cb0000

CodeCache: size=245760Kb used=13582Kb max_used=13588Kb free=232177Kb
 bounds [0x0000000002e20000, 0x0000000003b80000, 0x0000000011e20000]
 total_blobs=4432 nmethods=3766 adapters=577
 compilation: enabled

Compilation events (10 events):
Event: 18.177 Thread 0x0000000016798800 4010       3       java.util.Stack::push (7 bytes)
Event: 18.178 Thread 0x0000000016798800 nmethod 4010 0x0000000003b6cb90 code [0x0000000003b6cd00, 0x0000000003b6cf28]
Event: 18.179 Thread 0x0000000016798800 4011       1       org.objectweb.asm.MethodWriter::visitCode (1 bytes)
Event: 18.179 Thread 0x0000000016798800 nmethod 4011 0x0000000002fff610 code [0x0000000002fff760, 0x0000000002fff870]
Event: 18.179 Thread 0x0000000016798800 4012       3       org.objectweb.asm.ClassWriter::a (64 bytes)
Event: 18.179 Thread 0x0000000016798800 nmethod 4012 0x0000000003b61dd0 code [0x0000000003b61f80, 0x0000000003b623c8]
Event: 18.179 Thread 0x0000000016798800 4014       1       org.objectweb.asm.MethodWriter::visitEnd (1 bytes)
Event: 18.180 Thread 0x0000000016798800 nmethod 4014 0x000000000320bdd0 code [0x000000000320bf20, 0x000000000320c030]
Event: 18.184 Thread 0x0000000016798800 4015       3       groovy.lang.GroovySystem::getMetaClassRegistry (4 bytes)
Event: 18.184 Thread 0x0000000016798800 nmethod 4015 0x00000000032b1150 code [0x00000000032b12a0, 0x00000000032b13d0]

GC Heap History (10 events):
Event: 14.000 GC heap before
{Heap before GC invocations=6 (full 1):
 PSYoungGen      total 57344K, used 55183K [0x00000000e0000000, 0x00000000e5e00000, 0x0000000100000000)
  eden space 49152K, 100% used [0x00000000e0000000,0x00000000e3000000,0x00000000e3000000)
  from space 8192K, 73% used [0x00000000e3800000,0x00000000e3de3f80,0x00000000e4000000)
  to   space 8192K, 0% used [0x00000000e3000000,0x00000000e3000000,0x00000000e3800000)
 ParOldGen       total 77824K, used 8391K [0x00000000a0000000, 0x00000000a4c00000, 0x00000000e0000000)
  object space 77824K, 10% used [0x00000000a0000000,0x00000000a0831e98,0x00000000a4c00000)
 Metaspace       used 27733K, capacity 28246K, committed 28672K, reserved 1073152K
  class space    used 3881K, capacity 4027K, committed 4096K, reserved 1048576K
Event: 14.007 GC heap after
Heap after GC invocations=6 (full 1):
 PSYoungGen      total 57344K, used 5894K [0x00000000e0000000, 0x00000000e6100000, 0x0000000100000000)
  eden space 49152K, 0% used [0x00000000e0000000,0x00000000e0000000,0x00000000e3000000)
  from space 8192K, 71% used [0x00000000e3000000,0x00000000e35c18a8,0x00000000e3800000)
  to   space 10752K, 0% used [0x00000000e5680000,0x00000000e5680000,0x00000000e6100000)
 ParOldGen       total 77824K, used 8399K [0x00000000a0000000, 0x00000000a4c00000, 0x00000000e0000000)
  object space 77824K, 10% used [0x00000000a0000000,0x00000000a0833e98,0x00000000a4c00000)
 Metaspace       used 27733K, capacity 28246K, committed 28672K, reserved 1073152K
  class space    used 3881K, capacity 4027K, committed 4096K, reserved 1048576K
}
Event: 15.308 GC heap before
{Heap before GC invocations=7 (full 1):
 PSYoungGen      total 57344K, used 55046K [0x00000000e0000000, 0x00000000e6100000, 0x0000000100000000)
  eden space 49152K, 100% used [0x00000000e0000000,0x00000000e3000000,0x00000000e3000000)
  from space 8192K, 71% used [0x00000000e3000000,0x00000000e35c18a8,0x00000000e3800000)
  to   space 10752K, 0% used [0x00000000e5680000,0x00000000e5680000,0x00000000e6100000)
 ParOldGen       total 77824K, used 8399K [0x00000000a0000000, 0x00000000a4c00000, 0x00000000e0000000)
  object space 77824K, 10% used [0x00000000a0000000,0x00000000a0833e98,0x00000000a4c00000)
 Metaspace       used 28025K, capacity 28438K, committed 28672K, reserved 1073152K
  class space    used 3886K, capacity 4027K, committed 4096K, reserved 1048576K
Event: 15.315 GC heap after
Heap after GC invocations=7 (full 1):
 PSYoungGen      total 87552K, used 4468K [0x00000000e0000000, 0x00000000e6100000, 0x0000000100000000)
  eden space 76800K, 0% used [0x00000000e0000000,0x00000000e0000000,0x00000000e4b00000)
  from space 10752K, 41% used [0x00000000e5680000,0x00000000e5add030,0x00000000e6100000)
  to   space 11264K, 0% used [0x00000000e4b00000,0x00000000e4b00000,0x00000000e5600000)
 ParOldGen       total 77824K, used 8407K [0x00000000a0000000, 0x00000000a4c00000, 0x00000000e0000000)
  object space 77824K, 10% used [0x00000000a0000000,0x00000000a0835e98,0x00000000a4c00000)
 Metaspace       used 28025K, capacity 28438K, committed 28672K, reserved 1073152K
  class space    used 3886K, capacity 4027K, committed 4096K, reserved 1048576K
}
Event: 17.282 GC heap before
{Heap before GC invocations=8 (full 1):
 PSYoungGen      total 87552K, used 81268K [0x00000000e0000000, 0x00000000e6100000, 0x0000000100000000)
  eden space 76800K, 100% used [0x00000000e0000000,0x00000000e4b00000,0x00000000e4b00000)
  from space 10752K, 41% used [0x00000000e5680000,0x00000000e5add030,0x00000000e6100000)
  to   space 11264K, 0% used [0x00000000e4b00000,0x00000000e4b00000,0x00000000e5600000)
 ParOldGen       total 77824K, used 8407K [0x00000000a0000000, 0x00000000a4c00000, 0x00000000e0000000)
  object space 77824K, 10% used [0x00000000a0000000,0x00000000a0835e98,0x00000000a4c00000)
 Metaspace       used 33259K, capacity 33808K, committed 34304K, reserved 1079296K
  class space    used 4578K, capacity 4737K, committed 4864K, reserved 1048576K
Event: 17.315 GC heap after
Heap after GC invocations=8 (full 1):
 PSYoungGen      total 88064K, used 10518K [0x00000000e0000000, 0x00000000e9080000, 0x0000000100000000)
  eden space 76800K, 0% used [0x00000000e0000000,0x00000000e0000000,0x00000000e4b00000)
  from space 11264K, 93% used [0x00000000e4b00000,0x00000000e55459c8,0x00000000e5600000)
  to   space 12288K, 0% used [0x00000000e8480000,0x00000000e8480000,0x00000000e9080000)
 ParOldGen       total 77824K, used 8407K [0x00000000a0000000, 0x00000000a4c00000, 0x00000000e0000000)
  object space 77824K, 10% used [0x00000000a0000000,0x00000000a0835e98,0x00000000a4c00000)
 Metaspace       used 33259K, capacity 33808K, committed 34304K, reserved 1079296K
  class space    used 4578K, capacity 4737K, committed 4864K, reserved 1048576K
}
Event: 17.764 GC heap before
{Heap before GC invocations=9 (full 1):
 PSYoungGen      total 88064K, used 23761K [0x00000000e0000000, 0x00000000e9080000, 0x0000000100000000)
  eden space 76800K, 17% used [0x00000000e0000000,0x00000000e0ceeaa8,0x00000000e4b00000)
  from space 11264K, 93% used [0x00000000e4b00000,0x00000000e55459c8,0x00000000e5600000)
  to   space 12288K, 0% used [0x00000000e8480000,0x00000000e8480000,0x00000000e9080000)
 ParOldGen       total 77824K, used 8407K [0x00000000a0000000, 0x00000000a4c00000, 0x00000000e0000000)
  object space 77824K, 10% used [0x00000000a0000000,0x00000000a0835e98,0x00000000a4c00000)
 Metaspace       used 34566K, capacity 35054K, committed 35456K, reserved 1079296K
  class space    used 4733K, capacity 4870K, committed 4992K, reserved 1048576K
Event: 17.781 GC heap after
Heap after GC invocations=9 (full 1):
 PSYoungGen      total 135680K, used 6068K [0x00000000e0000000, 0x00000000e9800000, 0x0000000100000000)
  eden space 123392K, 0% used [0x00000000e0000000,0x00000000e0000000,0x00000000e7880000)
  from space 12288K, 49% used [0x00000000e8480000,0x00000000e8a6d028,0x00000000e9080000)
  to   space 12288K, 0% used [0x00000000e7880000,0x00000000e7880000,0x00000000e8480000)
 ParOldGen       total 77824K, used 10787K [0x00000000a0000000, 0x00000000a4c00000, 0x00000000e0000000)
  object space 77824K, 13% used [0x00000000a0000000,0x00000000a0a88eb8,0x00000000a4c00000)
 Metaspace       used 34566K, capacity 35054K, committed 35456K, reserved 1079296K
  class space    used 4733K, capacity 4870K, committed 4992K, reserved 1048576K
}
Event: 17.781 GC heap before
{Heap before GC invocations=10 (full 2):
 PSYoungGen      total 135680K, used 6068K [0x00000000e0000000, 0x00000000e9800000, 0x0000000100000000)
  eden space 123392K, 0% used [0x00000000e0000000,0x00000000e0000000,0x00000000e7880000)
  from space 12288K, 49% used [0x00000000e8480000,0x00000000e8a6d028,0x00000000e9080000)
  to   space 12288K, 0% used [0x00000000e7880000,0x00000000e7880000,0x00000000e8480000)
 ParOldGen       total 77824K, used 10787K [0x00000000a0000000, 0x00000000a4c00000, 0x00000000e0000000)
  object space 77824K, 13% used [0x00000000a0000000,0x00000000a0a88eb8,0x00000000a4c00000)
 Metaspace       used 34566K, capacity 35054K, committed 35456K, reserved 1079296K
  class space    used 4733K, capacity 4870K, committed 4992K, reserved 1048576K
Event: 17.956 GC heap after
Heap after GC invocations=10 (full 2):
 PSYoungGen      total 135680K, used 0K [0x00000000e0000000, 0x00000000e9800000, 0x0000000100000000)
  eden space 123392K, 0% used [0x00000000e0000000,0x00000000e0000000,0x00000000e7880000)
  from space 12288K, 0% used [0x00000000e8480000,0x00000000e8480000,0x00000000e9080000)
  to   space 12288K, 0% used [0x00000000e7880000,0x00000000e7880000,0x00000000e8480000)
 ParOldGen       total 77824K, used 15053K [0x00000000a0000000, 0x00000000a4c00000, 0x00000000e0000000)
  object space 77824K, 19% used [0x00000000a0000000,0x00000000a0eb3598,0x00000000a4c00000)
 Metaspace       used 34566K, capacity 35054K, committed 35456K, reserved 1079296K
  class space    used 4733K, capacity 4870K, committed 4992K, reserved 1048576K
}

Deoptimization events (10 events):
Event: 17.746 Thread 0x0000000019626000 Uncommon trap: reason=unstable_if action=reinterpret pc=0x0000000003280f4c method=java.lang.ThreadLocal.get()Ljava/lang/Object; @ 11
Event: 18.049 Thread 0x0000000019626000 Uncommon trap: reason=unstable_if action=reinterpret pc=0x0000000003b491b4 method=java.util.HashMap.putVal(ILjava/lang/Object;Ljava/lang/Object;ZZ)Ljava/lang/Object; @ 236
Event: 18.079 Thread 0x0000000019626000 Uncommon trap: reason=class_check action=maybe_recompile pc=0x00000000036d1e40 method=java.util.Hashtable.put(Ljava/lang/Object;Ljava/lang/Object;)Ljava/lang/Object; @ 18
Event: 18.079 Thread 0x0000000019626000 Uncommon trap: reason=class_check action=maybe_recompile pc=0x00000000036d1e40 method=java.util.Hashtable.put(Ljava/lang/Object;Ljava/lang/Object;)Ljava/lang/Object; @ 18
Event: 18.079 Thread 0x0000000019626000 Uncommon trap: reason=class_check action=maybe_recompile pc=0x00000000036d1e40 method=java.util.Hashtable.put(Ljava/lang/Object;Ljava/lang/Object;)Ljava/lang/Object; @ 18
Event: 18.079 Thread 0x0000000019626000 Uncommon trap: reason=class_check action=maybe_recompile pc=0x00000000036d1e40 method=java.util.Hashtable.put(Ljava/lang/Object;Ljava/lang/Object;)Ljava/lang/Object; @ 18
Event: 18.079 Thread 0x0000000019626000 Uncommon trap: reason=class_check action=maybe_recompile pc=0x00000000036cf41c method=java.util.Hashtable.addEntry(ILjava/lang/Object;Ljava/lang/Object;I)V @ 38
Event: 18.079 Thread 0x0000000019626000 Uncommon trap: reason=unstable_if action=reinterpret pc=0x0000000002f365fc method=java.lang.CharacterDataLatin1.isWhitespace(I)Z @ 14
Event: 18.117 Thread 0x0000000019626000 Uncommon trap: reason=unstable_if action=reinterpret pc=0x0000000003529d6c method=java.security.CodeSource.getCertificates()[Ljava/security/cert/Certificate; @ 22
Event: 18.142 Thread 0x0000000019626000 Uncommon trap: reason=unstable_if action=reinterpret pc=0x00000000038420fc method=java.util.LinkedHashMap.get(Ljava/lang/Object;)Ljava/lang/Object; @ 20

Internal exceptions (10 events):
Event: 16.661 Thread 0x0000000019626000 Exception <a 'java/lang/ClassNotFoundException': org/gradle/api/plugins/BasePluginConventionBeanInfo> (0x00000000e24a40b0) thrown at [C:\re\workspace\8-2-build-windows-amd64-cygwin\jdk8u91\6644\hotspot\src\share\vm\classfile\systemDictionary.cpp, line 210]úıÊw©0@
Event: 16.662 Thread 0x0000000019626000 Exception <a 'java/lang/ClassNotFoundException': org/gradle/api/plugins/BasePluginConventionCustomizer> (0x00000000e24d71d0) thrown at [C:\re\workspace\8-2-build-windows-amd64-cygwin\jdk8u91\6644\hotspot\src\share\vm\classfile\systemDictionary.cpp, line 21':€á_)1@
Event: 17.162 Thread 0x0000000019626000 Exception <a 'java/lang/ClassNotFoundException': org/gradle/api/plugins/JavaPluginConventionBeanInfo> (0x00000000e462bbb0) thrown at [C:\re\workspace\8-2-build-windows-amd64-cygwin\jdk8u91\6644\hotspot\src\share\vm\classfile\systemDictionary.cpp, line 210] §-¢)1@
Event: 17.163 Thread 0x0000000019626000 Exception <a 'java/lang/ClassNotFoundException': org/gradle/api/plugins/JavaPluginConventionCustomizer> (0x00000000e465eae8) thrown at [C:\re\workspace\8-2-build-windows-amd64-cygwin\jdk8u91\6644\hotspot\src\share\vm\classfile\systemDictionary.cpp, line 21i#lKá1@
Event: 17.528 Thread 0x0000000019626000 Exception <a 'java/lang/ClassNotFoundException': com/android/build/gradle/internal/api/DefaultAndroidSourceSet_DecoratedBeanInfo> (0x00000000e06529f8) thrown at [C:\re\workspace\8-2-build-windows-amd64-cygwin\jdk8u91\6644\hotspot\src\share\vm\classfile\sysüRLjá1@
Event: 17.529 Thread 0x0000000019626000 Exception <a 'java/lang/ClassNotFoundException': com/android/build/gradle/internal/api/DefaultAndroidSourceSetBeanInfo> (0x00000000e0666688) thrown at [C:\re\workspace\8-2-build-windows-amd64-cygwin\jdk8u91\6644\hotspot\src\share\vm\classfile\systemDiction2øÚoÖá1@
Event: 17.529 Thread 0x0000000019626000 Exception <a 'java/lang/ClassNotFoundException': com/android/build/gradle/internal/api/DefaultAndroidSourceSetCustomizer> (0x00000000e067a658) thrown at [C:\re\workspace\8-2-build-windows-amd64-cygwin\jdk8u91\6644\hotspot\src\share\vm\classfile\systemDicti*5ü8à1@
Event: 17.532 Thread 0x0000000019626000 Exception <a 'java/lang/ClassNotFoundException': com/android/build/gradle/internal/api/DefaultAndroidSourceSet_DecoratedCustomizer> (0x00000000e06cd398) thrown at [C:\re\workspace\8-2-build-windows-amd64-cygwin\jdk8u91\6644\hotspot\src\share\vm\classfile\sñQûTê1@
Event: 17.563 Thread 0x0000000019626000 Implicit null exception at 0x0000000002fcb14f to 0x0000000002fcba09
Event: 17.746 Thread 0x0000000019626000 Implicit null exception at 0x0000000003280ea8 to 0x0000000003280f39

Events (10 events):
Event: 18.172 loading class org/bouncycastle/jcajce/provider/config/ConfigurableProvider
Event: 18.172 loading class org/bouncycastle/jcajce/provider/config/ConfigurableProvider done
Event: 18.173 loading class java/security/KeyStore$ProtectionParameter
Event: 18.174 loading class java/security/KeyStore$ProtectionParameter done
Event: 18.174 loading class com/android/prefs/AndroidLocation
Event: 18.174 loading class com/android/prefs/AndroidLocation done
Event: 18.175 loading class com/android/prefs/AndroidLocation$EnvVar
Event: 18.175 loading class com/android/prefs/AndroidLocation$EnvVar done
Event: 18.184 loading class groovy/runtime/metaclass/com/android/build/gradle/internal/dsl/BuildType_DecoratedMetaClass
Event: 18.184 loading class groovy/runtime/metaclass/com/android/build/gradle/internal/dsl/BuildType_DecoratedMetaClass done


Dynamic libraries:
0x00007ff7c0960000 - 0x00007ff7c0997000 	C:\Program Files\Java\jdk1.8.0_91\bin\java.exe
0x00007ffbd4ef0000 - 0x00007ffbd50c1000 	C:\WINDOWS\SYSTEM32\ntdll.dll
0x00007ffbd4e40000 - 0x00007ffbd4eeb000 	C:\WINDOWS\System32\KERNEL32.DLL
0x00007ffbd1750000 - 0x00007ffbd196d000 	C:\WINDOWS\System32\KERNELBASE.dll
0x00007ffbd24a0000 - 0x00007ffbd2542000 	C:\WINDOWS\System32\ADVAPI32.dll
0x00007ffbd2550000 - 0x00007ffbd25ee000 	C:\WINDOWS\System32\msvcrt.dll
0x00007ffbd3760000 - 0x00007ffbd37b9000 	C:\WINDOWS\System32\sechost.dll
0x00007ffbd25f0000 - 0x00007ffbd2711000 	C:\WINDOWS\System32\RPCRT4.dll
0x00007ffbd37c0000 - 0x00007ffbd3925000 	C:\WINDOWS\System32\USER32.dll
0x00007ffbd1560000 - 0x00007ffbd157e000 	C:\WINDOWS\System32\win32u.dll
0x00007ffbd3720000 - 0x00007ffbd3754000 	C:\WINDOWS\System32\GDI32.dll
0x00007ffbd1a20000 - 0x00007ffbd1ba2000 	C:\WINDOWS\System32\gdi32full.dll
0x00007ffbcc630000 - 0x00007ffbcc8a9000 	C:\WINDOWS\WinSxS\amd64_microsoft.windows.common-controls_6595b64144ccf1df_6.0.14393.447_none_42191651c6827bb3\COMCTL32.dll
0x00007ffbd2ef0000 - 0x00007ffbd31b8000 	C:\WINDOWS\System32\combase.dll
0x00007ffbd1bb0000 - 0x00007ffbd1ca5000 	C:\WINDOWS\System32\ucrtbase.dll
0x00007ffbd14f0000 - 0x00007ffbd155a000 	C:\WINDOWS\System32\bcryptPrimitives.dll
0x00007ffbd3530000 - 0x00007ffbd355e000 	C:\WINDOWS\System32\IMM32.DLL
0x0000000057ea0000 - 0x0000000057f72000 	C:\Program Files\Java\jdk1.8.0_91\jre\bin\msvcr100.dll
0x0000000057600000 - 0x0000000057e93000 	C:\Program Files\Java\jdk1.8.0_91\jre\bin\server\jvm.dll
0x00007ffbd3330000 - 0x00007ffbd3338000 	C:\WINDOWS\System32\PSAPI.DLL
0x00007ffbae630000 - 0x00007ffbae639000 	C:\WINDOWS\SYSTEM32\WSOCK32.dll
0x00007ffbd2c70000 - 0x00007ffbd2cda000 	C:\WINDOWS\System32\WS2_32.dll
0x00007ffbce980000 - 0x00007ffbce9a3000 	C:\WINDOWS\SYSTEM32\WINMM.dll
0x00007ffbcc8b0000 - 0x00007ffbcc8ba000 	C:\WINDOWS\SYSTEM32\VERSION.dll
0x00007ffbce950000 - 0x00007ffbce97b000 	C:\WINDOWS\SYSTEM32\WINMMBASE.dll
0x00007ffbd2430000 - 0x00007ffbd2472000 	C:\WINDOWS\System32\cfgmgr32.dll
0x00000000575f0000 - 0x00000000575ff000 	C:\Program Files\Java\jdk1.8.0_91\jre\bin\verify.dll
0x00000000575c0000 - 0x00000000575e9000 	C:\Program Files\Java\jdk1.8.0_91\jre\bin\java.dll
0x00000000575a0000 - 0x00000000575b6000 	C:\Program Files\Java\jdk1.8.0_91\jre\bin\zip.dll
0x00007ffbd3930000 - 0x00007ffbd4e39000 	C:\WINDOWS\System32\SHELL32.dll
0x00007ffbd1cb0000 - 0x00007ffbd238a000 	C:\WINDOWS\System32\windows.storage.dll
0x00007ffbd1390000 - 0x00007ffbd13dc000 	C:\WINDOWS\System32\powrprof.dll
0x00007ffbd2bb0000 - 0x00007ffbd2c02000 	C:\WINDOWS\System32\shlwapi.dll
0x00007ffbd1380000 - 0x00007ffbd138f000 	C:\WINDOWS\System32\kernel.appcore.dll
0x00007ffbd1970000 - 0x00007ffbd1a19000 	C:\WINDOWS\System32\shcore.dll
0x00007ffbd1360000 - 0x00007ffbd1374000 	C:\WINDOWS\System32\profapi.dll
0x0000000057580000 - 0x000000005759a000 	C:\Program Files\Java\jdk1.8.0_91\jre\bin\net.dll
0x00007ffbd0c80000 - 0x00007ffbd0cdc000 	C:\WINDOWS\system32\mswsock.dll
0x0000000057560000 - 0x0000000057571000 	C:\Program Files\Java\jdk1.8.0_91\jre\bin\nio.dll
0x00007ffbb2090000 - 0x00007ffbb20a2000 	C:\Users\nande\.gradle\native\19\windows-amd64\native-platform.dll
0x00007ffbd0e20000 - 0x00007ffbd0e37000 	C:\WINDOWS\SYSTEM32\CRYPTSP.dll
0x00007ffbd0890000 - 0x00007ffbd08c3000 	C:\WINDOWS\system32\rsaenh.dll
0x00007ffbd0f30000 - 0x00007ffbd0f5b000 	C:\WINDOWS\SYSTEM32\bcrypt.dll
0x00007ffbd0b00000 - 0x00007ffbd0b1f000 	C:\WINDOWS\SYSTEM32\USERENV.dll
0x00007ffbd0e40000 - 0x00007ffbd0e4b000 	C:\WINDOWS\SYSTEM32\CRYPTBASE.dll
0x00007ffbd0a10000 - 0x00007ffbd0a48000 	C:\WINDOWS\SYSTEM32\IPHLPAPI.DLL
0x00007ffbd3320000 - 0x00007ffbd3328000 	C:\WINDOWS\System32\NSI.dll
0x00007ffbc7910000 - 0x00007ffbc7926000 	C:\WINDOWS\SYSTEM32\dhcpcsvc6.DLL
0x00007ffbc7a80000 - 0x00007ffbc7a9a000 	C:\WINDOWS\SYSTEM32\dhcpcsvc.DLL
0x0000000057550000 - 0x000000005755d000 	C:\Program Files\Java\jdk1.8.0_91\jre\bin\management.dll

VM Arguments:
jvm_args: -Xmx1536m -Dfile.encoding=windows-1252 -Duser.country=US -Duser.language=en -Duser.variant 
java_command: org.gradle.launcher.daemon.bootstrap.GradleDaemon 2.14.1
java_class_path (initial): C:\Program Files\Android\Android Studio\gradle\gradle-2.14.1\lib\gradle-launcher-2.14.1.jar
Launcher Type: SUN_STANDARD

Environment Variables:
PATH=C:\Program Files\Java\jdk1.8.0_91\bin;C:\ProgramData\Oracle\Java\javapath;C:\WINDOWS\system32;C:\WINDOWS;C:\WINDOWS\System32\Wbem;C:\WINDOWS\System32\WindowsPowerShell\v1.0\;C:\Program Files\Git\cmd;C:\Program Files\nodejs\;C:\Program Files (x86)\Heroku\bin;C:\Program Files (x86)\git\cmd;C:\Program Files (x86)\Git\cmd;C:\Users\nande\AppData\Local\Microsoft\WindowsApps;C:\Users\nande\AppData\Roaming\npm
USERNAME=nande
OS=Windows_NT
PROCESSOR_IDENTIFIER=Intel64 Family 6 Model 69 Stepping 1, GenuineIntel



---------------  S Y S T E M  ---------------

OS: Windows 10.0 , 64 bit Build 14393 (10.0.14393.0)

CPU:total 4 (2 cores per cpu, 2 threads per core) family 6 model 69 stepping 1, cmov, cx8, fxsr, mmx, sse, sse2, sse3, ssse3, sse4.1, sse4.2, popcnt, avx, avx2, aes, clmul, erms, lzcnt, ht, tsc, tscinvbit, bmi1, bmi2

Memory: 4k page, physical 12476780k(2937520k free), swap 50225516k(3416k free)

vm_info: Java HotSpot(TM) 64-Bit Server VM (25.91-b14) for windows-amd64 JRE (1.8.0_91-b14), built on Apr  1 2016 00:58:32 by "java_re" with MS VC++ 10.0 (VS2010)

time: Thu Feb 02 19:01:21 2017
elapsed time: 18 seconds (0d 0h 0m 18s)

