#
# There is insufficient memory for the Java Runtime Environment to continue.
# Native memory allocation (malloc) failed to allocate 2095376 bytes for Chunk::new
# Possible reasons:
#   The system is out of physical RAM or swap space
#   In 32 bit mode, the process size limit was hit
# Possible solutions:
#   Reduce memory load on the system
#   Increase physical memory or swap space
#   Check if swap backing store is full
#   Use 64 bit Java on a 64 bit OS
#   Decrease Java heap size (-Xmx/-Xms)
#   Decrease number of Java threads
#   Decrease Java thread stack sizes (-Xss)
#   Set larger code cache with -XX:ReservedCodeCacheSize=
# This output file may be truncated or incomplete.
#
#  Out of Memory Error (allocation.cpp:390), pid=11760, tid=12252
#
# JRE version: Java(TM) SE Runtime Environment (8.0_91-b14) (build 1.8.0_91-b14)
# Java VM: Java HotSpot(TM) 64-Bit Server VM (25.91-b14 mixed mode windows-amd64 compressed oops)
# Failed to write core dump. Minidumps are not enabled by default on client versions of Windows
#

---------------  T H R E A D  ---------------

Current thread (0x0000000016b8a000):  JavaThread "C2 CompilerThread0" daemon [_thread_in_native, id=12252, stack(0x00000000181c0000,0x00000000182c0000)]

Stack: [0x00000000181c0000,0x00000000182c0000]
[error occurred during error reporting (printing stack bounds), id 0xc0000005]

Native frames: (J=compiled Java code, j=interpreted, Vv=VM code, C=native code)


Current CompileTask:
C2:   8982 1847       4       java.net.URLClassLoader$1::run (5 bytes)


---------------  P R O C E S S  ---------------

Java Threads: ( => current thread )
  0x000000001990a800 JavaThread "Stdin handler" [_thread_blocked, id=12964, stack(0x000000001b100000,0x000000001b200000)]
  0x0000000019909800 JavaThread "Asynchronous log dispatcher for org.gradle.launcher.daemon.server.DefaultDaemonConnection@380c5579" [_thread_blocked, id=12408, stack(0x000000001b000000,0x000000001b100000)]
  0x0000000019900800 JavaThread "Daemon worker" [_thread_in_vm, id=1448, stack(0x000000001af00000,0x000000001b000000)]
  0x000000001992a000 JavaThread "Cancel handler" [_thread_blocked, id=12064, stack(0x000000001ae00000,0x000000001af00000)]
  0x00000000198e1000 JavaThread "Handler for socket connection from /127.0.0.1:59042 to /127.0.0.1:59044" [_thread_in_native, id=9816, stack(0x000000001ad00000,0x000000001ae00000)]
  0x00000000198de000 JavaThread "Daemon" [_thread_blocked, id=10336, stack(0x000000001ac00000,0x000000001ad00000)]
  0x000000001989b800 JavaThread "Incoming local TCP Connector on port 59042" [_thread_in_native, id=11720, stack(0x000000001a7d0000,0x000000001a8d0000)]
  0x000000001967a000 JavaThread "pool-1-thread-1" [_thread_blocked, id=11116, stack(0x00000000192c0000,0x00000000193c0000)]
  0x00000000184e0800 JavaThread "Service Thread" daemon [_thread_blocked, id=7116, stack(0x00000000188c0000,0x00000000189c0000)]
  0x0000000016b7e000 JavaThread "C1 CompilerThread2" daemon [_thread_blocked, id=11828, stack(0x00000000183c0000,0x00000000184c0000)]
  0x0000000016b79800 JavaThread "C2 CompilerThread1" daemon [_thread_in_native, id=11772, stack(0x00000000182c0000,0x00000000183c0000)]
=>0x0000000016b8a000 JavaThread "C2 CompilerThread0" daemon [_thread_in_native, id=12252, stack(0x00000000181c0000,0x00000000182c0000)]
  0x0000000016b89000 JavaThread "Attach Listener" daemon [_thread_blocked, id=5944, stack(0x00000000180c0000,0x00000000181c0000)]
  0x0000000016b86000 JavaThread "Signal Dispatcher" daemon [_thread_blocked, id=12644, stack(0x0000000017fc0000,0x00000000180c0000)]
  0x0000000016b6a000 JavaThread "Finalizer" daemon [_thread_blocked, id=12464, stack(0x0000000017dd0000,0x0000000017ed0000)]
  0x00000000031ff000 JavaThread "Reference Handler" daemon [_thread_blocked, id=13544, stack(0x0000000017cd0000,0x0000000017dd0000)]
  0x0000000003110800 JavaThread "main" [_thread_blocked, id=176, stack(0x0000000002f20000,0x0000000003020000)]

Other Threads:
  0x0000000016b47800 VMThread [stack: 0x0000000017bd0000,0x0000000017cd0000] [id=7148]
  0x00000000184ea800 WatcherThread [stack: 0x00000000189c0000,0x0000000018ac0000] [id=13764]

VM state:not at safepoint (normal execution)

VM Mutex/Monitor currently owned by a thread: None

Heap:
 PSYoungGen      total 57344K, used 32774K [0x00000000e0000000, 0x00000000e4000000, 0x0000000100000000)
  eden space 49152K, 50% used [0x00000000e0000000,0x00000000e18062b0,0x00000000e3000000)
  from space 8192K, 99% used [0x00000000e3800000,0x00000000e3ffb8a0,0x00000000e4000000)
  to   space 8192K, 0% used [0x00000000e3000000,0x00000000e3000000,0x00000000e3800000)
 ParOldGen       total 131072K, used 2313K [0x00000000a0000000, 0x00000000a8000000, 0x00000000e0000000)
  object space 131072K, 1% used [0x00000000a0000000,0x00000000a02425c8,0x00000000a8000000)
 Metaspace       used 20574K, capacity 20940K, committed 21120K, reserved 1067008K
  class space    used 2738K, capacity 2855K, committed 2944K, reserved 1048576K

Card table byte_map: [0x00000000125d0000,0x00000000128e0000] byte_map_base: 0x00000000120d0000

Marking Bits: (ParMarkBitMap*) 0x0000000057e12f70
 Begin Bits: [0x0000000012ee0000, 0x00000000146e0000)
 End Bits:   [0x00000000146e0000, 0x0000000015ee0000)

Polling page: 0x0000000002ec0000

CodeCache: size=245760Kb used=6950Kb max_used=6950Kb free=238809Kb
 bounds [0x0000000003210000, 0x00000000038e0000, 0x0000000012210000]
 total_blobs=2460 nmethods=1840 adapters=532
 compilation: enabled

Compilation events (10 events):
Event: 8.933 Thread 0x0000000016b7e000 1859       3       sun.reflect.generics.tree.ClassTypeSignature::accept (8 bytes)
Event: 8.933 Thread 0x0000000016b7e000 nmethod 1859 0x00000000038ce410 code [0x00000000038ce580, 0x00000000038ce768]
Event: 8.933 Thread 0x0000000016b7e000 1860       3       sun.reflect.generics.visitor.Reifier::visitClassTypeSignature (381 bytes)
Event: 8.937 Thread 0x0000000016b7e000 nmethod 1860 0x00000000038da450 code [0x00000000038da860, 0x00000000038dca08]
Event: 8.957 Thread 0x0000000016b7e000 1861       3       java.lang.Long::bitCount (61 bytes)
Event: 8.958 Thread 0x0000000016b7e000 nmethod 1861 0x00000000038ce090 code [0x00000000038ce1e0, 0x00000000038ce390]
Event: 8.962 Thread 0x0000000016b7e000 1863       3       sun.reflect.misc.ReflectUtil::checkPackageAccess (19 bytes)
Event: 8.962 Thread 0x0000000016b7e000 nmethod 1863 0x00000000038cda50 code [0x00000000038cdbe0, 0x00000000038cdf58]
Event: 8.967 Thread 0x0000000016b7e000 1864       1       sun.reflect.generics.reflectiveObjects.TypeVariableImpl::getName (5 bytes)
Event: 8.967 Thread 0x0000000016b7e000 nmethod 1864 0x00000000038cd790 code [0x00000000038cd8e0, 0x00000000038cd9f0]

GC Heap History (4 events):
Event: 5.119 GC heap before
{Heap before GC invocations=1 (full 0):
 PSYoungGen      total 57344K, used 49152K [0x00000000e0000000, 0x00000000e4000000, 0x0000000100000000)
  eden space 49152K, 100% used [0x00000000e0000000,0x00000000e3000000,0x00000000e3000000)
  from space 8192K, 0% used [0x00000000e3800000,0x00000000e3800000,0x00000000e4000000)
  to   space 8192K, 0% used [0x00000000e3000000,0x00000000e3000000,0x00000000e3800000)
 ParOldGen       total 131072K, used 0K [0x00000000a0000000, 0x00000000a8000000, 0x00000000e0000000)
  object space 131072K, 0% used [0x00000000a0000000,0x00000000a0000000,0x00000000a8000000)
 Metaspace       used 10730K, capacity 11108K, committed 11264K, reserved 1058816K
  class space    used 1400K, capacity 1532K, committed 1536K, reserved 1048576K
Event: 5.131 GC heap after
Heap after GC invocations=1 (full 0):
 PSYoungGen      total 57344K, used 6408K [0x00000000e0000000, 0x00000000e4000000, 0x0000000100000000)
  eden space 49152K, 0% used [0x00000000e0000000,0x00000000e0000000,0x00000000e3000000)
  from space 8192K, 78% used [0x00000000e3000000,0x00000000e3642388,0x00000000e3800000)
  to   space 8192K, 0% used [0x00000000e3800000,0x00000000e3800000,0x00000000e4000000)
 ParOldGen       total 131072K, used 8K [0x00000000a0000000, 0x00000000a8000000, 0x00000000e0000000)
  object space 131072K, 0% used [0x00000000a0000000,0x00000000a0002000,0x00000000a8000000)
 Metaspace       used 10730K, capacity 11108K, committed 11264K, reserved 1058816K
  class space    used 1400K, capacity 1532K, committed 1536K, reserved 1048576K
}
Event: 7.677 GC heap before
{Heap before GC invocations=2 (full 0):
 PSYoungGen      total 57344K, used 55560K [0x00000000e0000000, 0x00000000e4000000, 0x0000000100000000)
  eden space 49152K, 100% used [0x00000000e0000000,0x00000000e3000000,0x00000000e3000000)
  from space 8192K, 78% used [0x00000000e3000000,0x00000000e3642388,0x00000000e3800000)
  to   space 8192K, 0% used [0x00000000e3800000,0x00000000e3800000,0x00000000e4000000)
 ParOldGen       total 131072K, used 8K [0x00000000a0000000, 0x00000000a8000000, 0x00000000e0000000)
  object space 131072K, 0% used [0x00000000a0000000,0x00000000a0002000,0x00000000a8000000)
 Metaspace       used 18379K, capacity 18684K, committed 18816K, reserved 1064960K
  class space    used 2511K, capacity 2620K, committed 2688K, reserved 1048576K
Event: 7.703 GC heap after
Heap after GC invocations=2 (full 0):
 PSYoungGen      total 57344K, used 8174K [0x00000000e0000000, 0x00000000e4000000, 0x0000000100000000)
  eden space 49152K, 0% used [0x00000000e0000000,0x00000000e0000000,0x00000000e3000000)
  from space 8192K, 99% used [0x00000000e3800000,0x00000000e3ffb8a0,0x00000000e4000000)
  to   space 8192K, 0% used [0x00000000e3000000,0x00000000e3000000,0x00000000e3800000)
 ParOldGen       total 131072K, used 2313K [0x00000000a0000000, 0x00000000a8000000, 0x00000000e0000000)
  object space 131072K, 1% used [0x00000000a0000000,0x00000000a02425c8,0x00000000a8000000)
 Metaspace       used 18379K, capacity 18684K, committed 18816K, reserved 1064960K
  class space    used 2511K, capacity 2620K, committed 2688K, reserved 1048576K
}

Deoptimization events (10 events):
Event: 7.958 Thread 0x0000000019900800 Uncommon trap: reason=bimorphic action=maybe_recompile pc=0x0000000003679f08 method=java.lang.ClassLoader.loadClass(Ljava/lang/String;Z)Ljava/lang/Class; @ 38
Event: 7.960 Thread 0x0000000019900800 Uncommon trap: reason=class_check action=maybe_recompile pc=0x00000000033df09c method=sun.misc.URLClassPath.getLoader(I)Lsun/misc/URLClassPath$Loader; @ 94
Event: 7.960 Thread 0x0000000019900800 Uncommon trap: reason=class_check action=maybe_recompile pc=0x00000000034c702c method=sun.misc.URLClassPath.getResource(Ljava/lang/String;Z)Lsun/misc/Resource; @ 62
Event: 7.977 Thread 0x0000000019900800 Uncommon trap: reason=bimorphic action=maybe_recompile pc=0x0000000003679f08 method=java.lang.ClassLoader.loadClass(Ljava/lang/String;Z)Ljava/lang/Class; @ 38
Event: 7.977 Thread 0x0000000019900800 Uncommon trap: reason=bimorphic action=maybe_recompile pc=0x0000000003679f08 method=java.lang.ClassLoader.loadClass(Ljava/lang/String;Z)Ljava/lang/Class; @ 38
Event: 8.061 Thread 0x0000000019900800 Uncommon trap: reason=class_check action=maybe_recompile pc=0x00000000033df230 method=sun.misc.URLClassPath.getLoader(I)Lsun/misc/URLClassPath$Loader; @ 193
Event: 8.096 Thread 0x0000000019900800 Uncommon trap: reason=class_check action=maybe_recompile pc=0x00000000033df230 method=sun.misc.URLClassPath.getLoader(I)Lsun/misc/URLClassPath$Loader; @ 193
Event: 8.124 Thread 0x0000000019900800 Uncommon trap: reason=class_check action=maybe_recompile pc=0x00000000033df230 method=sun.misc.URLClassPath.getLoader(I)Lsun/misc/URLClassPath$Loader; @ 193
Event: 8.682 Thread 0x0000000019900800 Uncommon trap: reason=class_check action=maybe_recompile pc=0x00000000033dc43c method=sun.misc.URLClassPath.getLoader(I)Lsun/misc/URLClassPath$Loader; @ 94
Event: 8.843 Thread 0x0000000019900800 Uncommon trap: reason=unstable_if action=reinterpret pc=0x00000000036578a0 method=java.util.HashMap.hash(Ljava/lang/Object;)I @ 1

Internal exceptions (10 events):
Event: 8.693 Thread 0x0000000019900800 Exception <a 'java/lang/ClassNotFoundException': org/gradle/initialization/SettingsScriptBeanInfo> (0x00000000e0d38470) thrown at [C:\re\workspace\8-2-build-windows-amd64-cygwin\jdk8u91\6644\hotspot\src\share\vm\classfile\systemDictionary.cpp, line 210]
Event: 8.693 Thread 0x0000000019900800 Exception <a 'java/lang/ClassNotFoundException': org/gradle/initialization/SettingsScriptCustomizer> (0x00000000e0dc1608) thrown at [C:\re\workspace\8-2-build-windows-amd64-cygwin\jdk8u91\6644\hotspot\src\share\vm\classfile\systemDictionary.cpp, line 210]
Event: 8.694 Thread 0x0000000019900800 Exception <a 'java/lang/ClassNotFoundException': settings_cy5d59amazsh8yie6oxxaa182Customizer> (0x00000000e0dd23a8) thrown at [C:\re\workspace\8-2-build-windows-amd64-cygwin\jdk8u91\6644\hotspot\src\share\vm\classfile\systemDictionary.cpp, line 210]
Event: 8.705 Thread 0x0000000019900800 Exception <a 'java/lang/ClassNotFoundException': org/gradle/initialization/DefaultSettings_DecoratedBeanInfo> (0x00000000e0e3bff0) thrown at [C:\re\workspace\8-2-build-windows-amd64-cygwin\jdk8u91\6644\hotspot\src\share\vm\classfile\systemDictionary.cpp, lAÊ
Event: 8.707 Thread 0x0000000019900800 Exception <a 'java/lang/ClassNotFoundException': org/gradle/initialization/DefaultSettingsBeanInfo> (0x00000000e0e58388) thrown at [C:\re\workspace\8-2-build-windows-amd64-cygwin\jdk8u91\6644\hotspot\src\share\vm\classfile\systemDictionary.cpp, line 210]
Event: 8.708 Thread 0x0000000019900800 Exception <a 'java/lang/ClassNotFoundException': org/gradle/initialization/BaseSettingsBeanInfo> (0x00000000e0e73780) thrown at [C:\re\workspace\8-2-build-windows-amd64-cygwin\jdk8u91\6644\hotspot\src\share\vm\classfile\systemDictionary.cpp, line 210]
Event: 8.709 Thread 0x0000000019900800 Exception <a 'java/lang/ClassNotFoundException': org/gradle/initialization/BaseSettingsCustomizer> (0x00000000e0e8fa28) thrown at [C:\re\workspace\8-2-build-windows-amd64-cygwin\jdk8u91\6644\hotspot\src\share\vm\classfile\systemDictionary.cpp, line 210]
Event: 8.712 Thread 0x0000000019900800 Exception <a 'java/lang/ClassNotFoundException': org/gradle/initialization/DefaultSettingsCustomizer> (0x00000000e0ed2500) thrown at [C:\re\workspace\8-2-build-windows-amd64-cygwin\jdk8u91\6644\hotspot\src\share\vm\classfile\systemDictionary.cpp, line 210]
Event: 8.714 Thread 0x0000000019900800 Exception <a 'java/lang/ClassNotFoundException': org/gradle/initialization/DefaultSettings_DecoratedCustomizer> (0x00000000e0ef8bf8) thrown at [C:\re\workspace\8-2-build-windows-amd64-cygwin\jdk8u91\6644\hotspot\src\share\vm\classfile\systemDictionary.cpp,íy{‹¯!@
Event: 8.843 Thread 0x0000000019900800 Implicit null exception at 0x0000000003657695 to 0x0000000003657891

Events (10 events):
Event: 8.975 loading class org/gradle/model/internal/inspect/ModelRuleExtractor$1
Event: 8.975 loading class org/gradle/model/internal/inspect/ModelRuleExtractor$1 done
Event: 8.975 loading class com/google/common/collect/Iterables
Event: 8.975 loading class com/google/common/collect/Iterables done
Event: 8.978 loading class com/google/common/collect/Iterables$2
Event: 8.978 loading class com/google/common/collect/Iterables$2 done
Event: 8.978 loading class com/google/common/collect/FluentIterable$1
Event: 8.978 loading class com/google/common/collect/FluentIterable$1 done
Event: 8.979 loading class org/gradle/model/internal/registry/DefaultModelRegistry
Event: 8.979 loading class org/gradle/model/internal/registry/DefaultModelRegistry done


Dynamic libraries:
0x00007ff7c0960000 - 0x00007ff7c0997000 	C:\Program Files\Java\jdk1.8.0_91\bin\java.exe
0x00007ffbd4ef0000 - 0x00007ffbd50c1000 	C:\WINDOWS\SYSTEM32\ntdll.dll
0x00007ffbd4e40000 - 0x00007ffbd4eeb000 	C:\WINDOWS\System32\KERNEL32.DLL
0x00007ffbd1750000 - 0x00007ffbd196d000 	C:\WINDOWS\System32\KERNELBASE.dll
0x00007ffbd24a0000 - 0x00007ffbd2542000 	C:\WINDOWS\System32\ADVAPI32.dll
0x00007ffbd2550000 - 0x00007ffbd25ee000 	C:\WINDOWS\System32\msvcrt.dll
0x00007ffbd3760000 - 0x00007ffbd37b9000 	C:\WINDOWS\System32\sechost.dll
0x00007ffbd25f0000 - 0x00007ffbd2711000 	C:\WINDOWS\System32\RPCRT4.dll
0x00007ffbd37c0000 - 0x00007ffbd3925000 	C:\WINDOWS\System32\USER32.dll
0x00007ffbd1560000 - 0x00007ffbd157e000 	C:\WINDOWS\System32\win32u.dll
0x00007ffbd3720000 - 0x00007ffbd3754000 	C:\WINDOWS\System32\GDI32.dll
0x00007ffbd1a20000 - 0x00007ffbd1ba2000 	C:\WINDOWS\System32\gdi32full.dll
0x00007ffbcc630000 - 0x00007ffbcc8a9000 	C:\WINDOWS\WinSxS\amd64_microsoft.windows.common-controls_6595b64144ccf1df_6.0.14393.447_none_42191651c6827bb3\COMCTL32.dll
0x00007ffbd2ef0000 - 0x00007ffbd31b8000 	C:\WINDOWS\System32\combase.dll
0x00007ffbd1bb0000 - 0x00007ffbd1ca5000 	C:\WINDOWS\System32\ucrtbase.dll
0x00007ffbd14f0000 - 0x00007ffbd155a000 	C:\WINDOWS\System32\bcryptPrimitives.dll
0x00007ffbd3530000 - 0x00007ffbd355e000 	C:\WINDOWS\System32\IMM32.DLL
0x0000000057ea0000 - 0x0000000057f72000 	C:\Program Files\Java\jdk1.8.0_91\jre\bin\msvcr100.dll
0x0000000057600000 - 0x0000000057e93000 	C:\Program Files\Java\jdk1.8.0_91\jre\bin\server\jvm.dll
0x00007ffbd3330000 - 0x00007ffbd3338000 	C:\WINDOWS\System32\PSAPI.DLL
0x00007ffbce980000 - 0x00007ffbce9a3000 	C:\WINDOWS\SYSTEM32\WINMM.dll
0x00007ffbcc8b0000 - 0x00007ffbcc8ba000 	C:\WINDOWS\SYSTEM32\VERSION.dll
0x0000000002e90000 - 0x0000000002ebb000 	C:\WINDOWS\SYSTEM32\WINMMBASE.dll
0x00007ffbd2430000 - 0x00007ffbd2472000 	C:\WINDOWS\System32\cfgmgr32.dll
0x00007ffbae630000 - 0x00007ffbae639000 	C:\WINDOWS\SYSTEM32\WSOCK32.dll
0x00007ffbd2c70000 - 0x00007ffbd2cda000 	C:\WINDOWS\System32\WS2_32.dll
0x00000000575f0000 - 0x00000000575ff000 	C:\Program Files\Java\jdk1.8.0_91\jre\bin\verify.dll
0x00000000575c0000 - 0x00000000575e9000 	C:\Program Files\Java\jdk1.8.0_91\jre\bin\java.dll
0x00000000575a0000 - 0x00000000575b6000 	C:\Program Files\Java\jdk1.8.0_91\jre\bin\zip.dll
0x00007ffbd3930000 - 0x00007ffbd4e39000 	C:\WINDOWS\System32\SHELL32.dll
0x00007ffbd1cb0000 - 0x00007ffbd238a000 	C:\WINDOWS\System32\windows.storage.dll
0x00007ffbd1390000 - 0x00007ffbd13dc000 	C:\WINDOWS\System32\powrprof.dll
0x00007ffbd2bb0000 - 0x00007ffbd2c02000 	C:\WINDOWS\System32\shlwapi.dll
0x00007ffbd1380000 - 0x00007ffbd138f000 	C:\WINDOWS\System32\kernel.appcore.dll
0x00007ffbd1970000 - 0x00007ffbd1a19000 	C:\WINDOWS\System32\shcore.dll
0x00007ffbd1360000 - 0x00007ffbd1374000 	C:\WINDOWS\System32\profapi.dll
0x0000000057580000 - 0x000000005759a000 	C:\Program Files\Java\jdk1.8.0_91\jre\bin\net.dll
0x00007ffbd0c80000 - 0x00007ffbd0cdc000 	C:\WINDOWS\system32\mswsock.dll
0x0000000057560000 - 0x0000000057571000 	C:\Program Files\Java\jdk1.8.0_91\jre\bin\nio.dll
0x00007ffbb2090000 - 0x00007ffbb20a2000 	C:\Users\nande\.gradle\native\19\windows-amd64\native-platform.dll
0x00007ffbd0e20000 - 0x00007ffbd0e37000 	C:\WINDOWS\SYSTEM32\CRYPTSP.dll
0x00007ffbd0890000 - 0x00007ffbd08c3000 	C:\WINDOWS\system32\rsaenh.dll
0x00007ffbd0f30000 - 0x00007ffbd0f5b000 	C:\WINDOWS\SYSTEM32\bcrypt.dll
0x00007ffbd0b00000 - 0x00007ffbd0b1f000 	C:\WINDOWS\SYSTEM32\USERENV.dll
0x00007ffbd0e40000 - 0x00007ffbd0e4b000 	C:\WINDOWS\SYSTEM32\CRYPTBASE.dll
0x00007ffbd0a10000 - 0x00007ffbd0a48000 	C:\WINDOWS\SYSTEM32\IPHLPAPI.DLL
0x00007ffbd3320000 - 0x00007ffbd3328000 	C:\WINDOWS\System32\NSI.dll
0x00007ffbc7910000 - 0x00007ffbc7926000 	C:\WINDOWS\SYSTEM32\dhcpcsvc6.DLL
0x00007ffbc7a80000 - 0x00007ffbc7a9a000 	C:\WINDOWS\SYSTEM32\dhcpcsvc.DLL
0x0000000057550000 - 0x000000005755d000 	C:\Program Files\Java\jdk1.8.0_91\jre\bin\management.dll

VM Arguments:
jvm_args: -Xmx1536m -Dfile.encoding=windows-1252 -Duser.country=US -Duser.language=en -Duser.variant 
java_command: org.gradle.launcher.daemon.bootstrap.GradleDaemon 2.14.1
java_class_path (initial): C:\Program Files\Android\Android Studio\gradle\gradle-2.14.1\lib\gradle-launcher-2.14.1.jar
Launcher Type: SUN_STANDARD

Environment Variables:
PATH=C:\Program Files\Java\jdk1.8.0_91\bin;C:\ProgramData\Oracle\Java\javapath;C:\WINDOWS\system32;C:\WINDOWS;C:\WINDOWS\System32\Wbem;C:\WINDOWS\System32\WindowsPowerShell\v1.0\;C:\Program Files\Git\cmd;C:\Program Files\nodejs\;C:\Program Files (x86)\Heroku\bin;C:\Program Files (x86)\git\cmd;C:\Program Files (x86)\Git\cmd;C:\Users\nande\AppData\Local\Microsoft\WindowsApps;C:\Users\nande\AppData\Roaming\npm
USERNAME=nande
OS=Windows_NT
PROCESSOR_IDENTIFIER=Intel64 Family 6 Model 69 Stepping 1, GenuineIntel



---------------  S Y S T E M  ---------------

OS: Windows 10.0 , 64 bit Build 14393 (10.0.14393.0)

CPU:total 4 (2 cores per cpu, 2 threads per core) family 6 model 69 stepping 1, cmov, cx8, fxsr, mmx, sse, sse2, sse3, ssse3, sse4.1, sse4.2, popcnt, avx, avx2, aes, clmul, erms, lzcnt, ht, tsc, tscinvbit, bmi1, bmi2

Memory: 4k page, physical 12476780k(2981512k free), swap 50225516k(5596k free)

vm_info: Java HotSpot(TM) 64-Bit Server VM (25.91-b14) for windows-amd64 JRE (1.8.0_91-b14), built on Apr  1 2016 00:58:32 by "java_re" with MS VC++ 10.0 (VS2010)

time: Thu Feb 02 19:02:16 2017
elapsed time: 8 seconds (0d 0h 0m 8s)

