#
# There is insufficient memory for the Java Runtime Environment to continue.
# Native memory allocation (malloc) failed to allocate 2213936 bytes for Chunk::new
# Possible reasons:
#   The system is out of physical RAM or swap space
#   In 32 bit mode, the process size limit was hit
# Possible solutions:
#   Reduce memory load on the system
#   Increase physical memory or swap space
#   Check if swap backing store is full
#   Use 64 bit Java on a 64 bit OS
#   Decrease Java heap size (-Xmx/-Xms)
#   Decrease number of Java threads
#   Decrease Java thread stack sizes (-Xss)
#   Set larger code cache with -XX:ReservedCodeCacheSize=
# This output file may be truncated or incomplete.
#
#  Out of Memory Error (allocation.cpp:390), pid=13268, tid=6324
#
# JRE version: Java(TM) SE Runtime Environment (8.0_91-b14) (build 1.8.0_91-b14)
# Java VM: Java HotSpot(TM) 64-Bit Server VM (25.91-b14 mixed mode windows-amd64 compressed oops)
# Failed to write core dump. Minidumps are not enabled by default on client versions of Windows
#

---------------  T H R E A D  ---------------

Current thread (0x0000000015d5e800):  JavaThread "C2 CompilerThread0" daemon [_thread_in_native, id=6324, stack(0x00000000173a0000,0x00000000174a0000)]

Stack: [0x00000000173a0000,0x00000000174a0000]
[error occurred during error reporting (printing stack bounds), id 0xc0000005]

Native frames: (J=compiled Java code, j=interpreted, Vv=VM code, C=native code)


Current CompileTask:
C2:   5849 1576   !   4       java.net.URLClassLoader$1::run (63 bytes)


---------------  P R O C E S S  ---------------

Java Threads: ( => current thread )
  0x0000000017fd8800 JavaThread "Stdin handler" [_thread_blocked, id=10484, stack(0x000000001a2b0000,0x000000001a3b0000)]
  0x0000000018c78800 JavaThread "Asynchronous log dispatcher for org.gradle.launcher.daemon.server.DefaultDaemonConnection@72abb39e" [_thread_blocked, id=9544, stack(0x000000001a1b0000,0x000000001a2b0000)]
  0x0000000018c9a000 JavaThread "Daemon worker" [_thread_in_native, id=4120, stack(0x000000001a0b0000,0x000000001a1b0000)]
  0x0000000018c28800 JavaThread "Cancel handler" [_thread_blocked, id=6836, stack(0x0000000019fb0000,0x000000001a0b0000)]
  0x0000000018a39800 JavaThread "Handler for socket connection from /127.0.0.1:58763 to /127.0.0.1:58765" [_thread_in_native, id=8132, stack(0x0000000019eb0000,0x0000000019fb0000)]
  0x0000000018a38000 JavaThread "Daemon" [_thread_blocked, id=3856, stack(0x0000000019db0000,0x0000000019eb0000)]
  0x0000000018a8f800 JavaThread "Incoming local TCP Connector on port 58763" [_thread_in_native, id=6188, stack(0x0000000019980000,0x0000000019a80000)]
  0x0000000018860000 JavaThread "pool-1-thread-1" [_thread_blocked, id=8196, stack(0x0000000019880000,0x0000000019980000)]
  0x00000000176c8800 JavaThread "Service Thread" daemon [_thread_blocked, id=13996, stack(0x0000000017aa0000,0x0000000017ba0000)]
  0x0000000015d66000 JavaThread "C1 CompilerThread2" daemon [_thread_blocked, id=14080, stack(0x00000000175a0000,0x00000000176a0000)]
  0x0000000015d61000 JavaThread "C2 CompilerThread1" daemon [_thread_in_native, id=7484, stack(0x00000000174a0000,0x00000000175a0000)]
=>0x0000000015d5e800 JavaThread "C2 CompilerThread0" daemon [_thread_in_native, id=6324, stack(0x00000000173a0000,0x00000000174a0000)]
  0x0000000015d5d800 JavaThread "Attach Listener" daemon [_thread_blocked, id=11728, stack(0x00000000172a0000,0x00000000173a0000)]
  0x0000000015d5c800 JavaThread "Signal Dispatcher" daemon [_thread_blocked, id=7492, stack(0x00000000171a0000,0x00000000172a0000)]
  0x00000000023eb800 JavaThread "Finalizer" daemon [_thread_blocked, id=13188, stack(0x0000000016fb0000,0x00000000170b0000)]
  0x00000000023e1000 JavaThread "Reference Handler" daemon [_thread_blocked, id=2860, stack(0x0000000016eb0000,0x0000000016fb0000)]
  0x00000000022f0800 JavaThread "main" [_thread_blocked, id=7908, stack(0x00000000021f0000,0x00000000022f0000)]

Other Threads:
  0x0000000015d27000 VMThread [stack: 0x0000000016db0000,0x0000000016eb0000] [id=11212]
  0x00000000176d9000 WatcherThread [stack: 0x0000000017ba0000,0x0000000017ca0000] [id=10740]

VM state:not at safepoint (normal execution)

VM Mutex/Monitor currently owned by a thread: None

Heap:
 PSYoungGen      total 57344K, used 12021K [0x00000000e0000000, 0x00000000e4000000, 0x0000000100000000)
  eden space 49152K, 7% used [0x00000000e0000000,0x00000000e03beb50,0x00000000e3000000)
  from space 8192K, 99% used [0x00000000e3800000,0x00000000e3ffebb0,0x00000000e4000000)
  to   space 8192K, 0% used [0x00000000e3000000,0x00000000e3000000,0x00000000e3800000)
 ParOldGen       total 131072K, used 2251K [0x00000000a0000000, 0x00000000a8000000, 0x00000000e0000000)
  object space 131072K, 1% used [0x00000000a0000000,0x00000000a0232e88,0x00000000a8000000)
 Metaspace       used 18637K, capacity 18976K, committed 19072K, reserved 1064960K
  class space    used 2545K, capacity 2653K, committed 2688K, reserved 1048576K

Card table byte_map: [0x00000000117b0000,0x0000000011ac0000] byte_map_base: 0x00000000112b0000

Marking Bits: (ParMarkBitMap*) 0x0000000057e12f70
 Begin Bits: [0x00000000120c0000, 0x00000000138c0000)
 End Bits:   [0x00000000138c0000, 0x00000000150c0000)

Polling page: 0x0000000000990000

CodeCache: size=245760Kb used=5527Kb max_used=5527Kb free=240232Kb
 bounds [0x00000000023f0000, 0x0000000002960000, 0x00000000113f0000]
 total_blobs=2046 nmethods=1664 adapters=294
 compilation: enabled

Compilation events (10 events):
Event: 5.833 Thread 0x0000000015d66000 1671       3       groovy.lang.MetaClassImpl::filterPropertyMethod (318 bytes)
Event: 5.835 Thread 0x0000000015d66000 nmethod 1671 0x0000000002953c90 code [0x0000000002953f80, 0x0000000002955ac8]
Event: 5.835 Thread 0x0000000015d66000 1672       3       org.codehaus.groovy.util.SingleKeyHashMap::get (67 bytes)
Event: 5.836 Thread 0x0000000015d66000 nmethod 1672 0x0000000002956390 code [0x0000000002956540, 0x0000000002956c18]
Event: 5.836 Thread 0x0000000015d66000 1673       1       org.codehaus.groovy.reflection.GeneratedMetaMethod::getReturnType (5 bytes)
Event: 5.836 Thread 0x0000000015d66000 nmethod 1673 0x0000000002956ed0 code [0x0000000002957020, 0x0000000002957130]
Event: 5.838 Thread 0x0000000015d66000 1674       3       java.util.HashMap::removeNode (291 bytes)
Event: 5.840 Thread 0x0000000015d66000 nmethod 1674 0x0000000002957190 code [0x00000000029573e0, 0x0000000002958618]
Event: 5.840 Thread 0x0000000015d66000 1675       3       java.util.HashMap::remove (26 bytes)
Event: 5.841 Thread 0x0000000015d66000 nmethod 1675 0x0000000002958c90 code [0x0000000002958e20, 0x0000000002959238]

GC Heap History (4 events):
Event: 3.719 GC heap before
{Heap before GC invocations=1 (full 0):
 PSYoungGen      total 57344K, used 49152K [0x00000000e0000000, 0x00000000e4000000, 0x0000000100000000)
  eden space 49152K, 100% used [0x00000000e0000000,0x00000000e3000000,0x00000000e3000000)
  from space 8192K, 0% used [0x00000000e3800000,0x00000000e3800000,0x00000000e4000000)
  to   space 8192K, 0% used [0x00000000e3000000,0x00000000e3000000,0x00000000e3800000)
 ParOldGen       total 131072K, used 0K [0x00000000a0000000, 0x00000000a8000000, 0x00000000e0000000)
  object space 131072K, 0% used [0x00000000a0000000,0x00000000a0000000,0x00000000a8000000)
 Metaspace       used 10744K, capacity 11112K, committed 11264K, reserved 1058816K
  class space    used 1400K, capacity 1532K, committed 1536K, reserved 1048576K
Event: 3.729 GC heap after
Heap after GC invocations=1 (full 0):
 PSYoungGen      total 57344K, used 6375K [0x00000000e0000000, 0x00000000e4000000, 0x0000000100000000)
  eden space 49152K, 0% used [0x00000000e0000000,0x00000000e0000000,0x00000000e3000000)
  from space 8192K, 77% used [0x00000000e3000000,0x00000000e3639c00,0x00000000e3800000)
  to   space 8192K, 0% used [0x00000000e3800000,0x00000000e3800000,0x00000000e4000000)
 ParOldGen       total 131072K, used 16K [0x00000000a0000000, 0x00000000a8000000, 0x00000000e0000000)
  object space 131072K, 0% used [0x00000000a0000000,0x00000000a0004000,0x00000000a8000000)
 Metaspace       used 10744K, capacity 11112K, committed 11264K, reserved 1058816K
  class space    used 1400K, capacity 1532K, committed 1536K, reserved 1048576K
}
Event: 5.707 GC heap before
{Heap before GC invocations=2 (full 0):
 PSYoungGen      total 57344K, used 55527K [0x00000000e0000000, 0x00000000e4000000, 0x0000000100000000)
  eden space 49152K, 100% used [0x00000000e0000000,0x00000000e3000000,0x00000000e3000000)
  from space 8192K, 77% used [0x00000000e3000000,0x00000000e3639c00,0x00000000e3800000)
  to   space 8192K, 0% used [0x00000000e3800000,0x00000000e3800000,0x00000000e4000000)
 ParOldGen       total 131072K, used 16K [0x00000000a0000000, 0x00000000a8000000, 0x00000000e0000000)
  object space 131072K, 0% used [0x00000000a0000000,0x00000000a0004000,0x00000000a8000000)
 Metaspace       used 18391K, capacity 18746K, committed 19072K, reserved 1064960K
  class space    used 2510K, capacity 2619K, committed 2688K, reserved 1048576K
Event: 5.735 GC heap after
Heap after GC invocations=2 (full 0):
 PSYoungGen      total 57344K, used 8186K [0x00000000e0000000, 0x00000000e4000000, 0x0000000100000000)
  eden space 49152K, 0% used [0x00000000e0000000,0x00000000e0000000,0x00000000e3000000)
  from space 8192K, 99% used [0x00000000e3800000,0x00000000e3ffebb0,0x00000000e4000000)
  to   space 8192K, 0% used [0x00000000e3000000,0x00000000e3000000,0x00000000e3800000)
 ParOldGen       total 131072K, used 2251K [0x00000000a0000000, 0x00000000a8000000, 0x00000000e0000000)
  object space 131072K, 1% used [0x00000000a0000000,0x00000000a0232e88,0x00000000a8000000)
 Metaspace       used 18391K, capacity 18746K, committed 19072K, reserved 1064960K
  class space    used 2510K, capacity 2619K, committed 2688K, reserved 1048576K
}

Deoptimization events (10 events):
Event: 5.466 Thread 0x0000000018c9a000 Uncommon trap: reason=unstable_if action=reinterpret pc=0x00000000026a042c method=java.lang.AbstractStringBuilder.append(Ljava/lang/String;)Ljava/lang/AbstractStringBuilder; @ 1
Event: 5.466 Thread 0x0000000018c9a000 Uncommon trap: reason=unstable_if action=reinterpret pc=0x0000000002628098 method=java.lang.AbstractStringBuilder.append(Ljava/lang/String;)Ljava/lang/AbstractStringBuilder; @ 1
Event: 5.753 Thread 0x0000000018c9a000 Uncommon trap: reason=bimorphic action=maybe_recompile pc=0x000000000286e408 method=java.lang.ClassLoader.loadClass(Ljava/lang/String;Z)Ljava/lang/Class; @ 38
Event: 5.753 Thread 0x0000000018c9a000 Uncommon trap: reason=bimorphic action=maybe_recompile pc=0x000000000286e408 method=java.lang.ClassLoader.loadClass(Ljava/lang/String;Z)Ljava/lang/Class; @ 38
Event: 5.755 Thread 0x0000000018c9a000 Uncommon trap: reason=class_check action=maybe_recompile pc=0x00000000025bf75c method=sun.misc.URLClassPath.getLoader(I)Lsun/misc/URLClassPath$Loader; @ 94
Event: 5.755 Thread 0x0000000018c9a000 Uncommon trap: reason=class_check action=maybe_recompile pc=0x00000000026e4f6c method=sun.misc.URLClassPath.getResource(Ljava/lang/String;Z)Lsun/misc/Resource; @ 62
Event: 5.777 Thread 0x0000000018c9a000 Uncommon trap: reason=bimorphic action=maybe_recompile pc=0x000000000286e408 method=java.lang.ClassLoader.loadClass(Ljava/lang/String;Z)Ljava/lang/Class; @ 38
Event: 5.778 Thread 0x0000000018c9a000 Uncommon trap: reason=bimorphic action=maybe_recompile pc=0x000000000286e408 method=java.lang.ClassLoader.loadClass(Ljava/lang/String;Z)Ljava/lang/Class; @ 38
Event: 5.811 Thread 0x0000000018c9a000 Uncommon trap: reason=class_check action=maybe_recompile pc=0x00000000025bf8f0 method=sun.misc.URLClassPath.getLoader(I)Lsun/misc/URLClassPath$Loader; @ 193
Event: 5.829 Thread 0x0000000018c9a000 Uncommon trap: reason=class_check action=maybe_recompile pc=0x00000000025bf8f0 method=sun.misc.URLClassPath.getLoader(I)Lsun/misc/URLClassPath$Loader; @ 193

Internal exceptions (10 events):
Event: 5.812 Thread 0x0000000018c9a000 Exception <a 'java/lang/ClassNotFoundException': org/gradle/groovy/scripts/DefaultScriptBeanInfo> (0x00000000e0283390) thrown at [C:\re\workspace\8-2-build-windows-amd64-cygwin\jdk8u91\6644\hotspot\src\share\vm\classfile\systemDictionary.cpp, line 210]
Event: 5.812 Thread 0x0000000018c9a000 Exception <a 'java/lang/ClassNotFoundException': org/gradle/groovy/scripts/BasicScriptBeanInfo> (0x00000000e0290f18) thrown at [C:\re\workspace\8-2-build-windows-amd64-cygwin\jdk8u91\6644\hotspot\src\share\vm\classfile\systemDictionary.cpp, line 210]
Event: 5.813 Thread 0x0000000018c9a000 Exception <a 'java/lang/ClassNotFoundException': org/gradle/groovy/scripts/ScriptBeanInfo> (0x00000000e029deb0) thrown at [C:\re\workspace\8-2-build-windows-amd64-cygwin\jdk8u91\6644\hotspot\src\share\vm\classfile\systemDictionary.cpp, line 210]
Event: 5.813 Thread 0x0000000018c9a000 Exception <a 'java/lang/ClassNotFoundException': groovy/lang/ScriptBeanInfo> (0x00000000e02a8340) thrown at [C:\re\workspace\8-2-build-windows-amd64-cygwin\jdk8u91\6644\hotspot\src\share\vm\classfile\systemDictionary.cpp, line 210]
Event: 5.814 Thread 0x0000000018c9a000 Exception <a 'java/lang/ClassNotFoundException': groovy/lang/ScriptCustomizer> (0x00000000e02b3190) thrown at [C:\re\workspace\8-2-build-windows-amd64-cygwin\jdk8u91\6644\hotspot\src\share\vm\classfile\systemDictionary.cpp, line 210]
Event: 5.817 Thread 0x0000000018c9a000 Exception <a 'java/lang/ClassNotFoundException': org/gradle/groovy/scripts/ScriptCustomizer> (0x00000000e02c9d78) thrown at [C:\re\workspace\8-2-build-windows-amd64-cygwin\jdk8u91\6644\hotspot\src\share\vm\classfile\systemDictionary.cpp, line 210]
Event: 5.819 Thread 0x0000000018c9a000 Exception <a 'java/lang/ClassNotFoundException': org/gradle/groovy/scripts/BasicScriptCustomizer> (0x00000000e02e1798) thrown at [C:\re\workspace\8-2-build-windows-amd64-cygwin\jdk8u91\6644\hotspot\src\share\vm\classfile\systemDictionary.cpp, line 210]
Event: 5.820 Thread 0x0000000018c9a000 Exception <a 'java/lang/ClassNotFoundException': org/gradle/groovy/scripts/DefaultScriptCustomizer> (0x00000000e02fbb80) thrown at [C:\re\workspace\8-2-build-windows-amd64-cygwin\jdk8u91\6644\hotspot\src\share\vm\classfile\systemDictionary.cpp, line 210]
Event: 5.828 Thread 0x0000000018c9a000 Exception <a 'java/lang/ClassNotFoundException': org/gradle/initialization/InitScriptCustomizer> (0x00000000e033f8d8) thrown at [C:\re\workspace\8-2-build-windows-amd64-cygwin\jdk8u91\6644\hotspot\src\share\vm\classfile\systemDictionary.cpp, line 210]
Event: 5.830 Thread 0x0000000018c9a000 Exception <a 'java/lang/ClassNotFoundException': asLocalRepo36_7hfg8nonxioxqqibp3veqqcdrCustomizer> (0x00000000e0351b88) thrown at [C:\re\workspace\8-2-build-windows-amd64-cygwin\jdk8u91\6644\hotspot\src\share\vm\classfile\systemDictionary.cpp, line 210]

Events (10 events):
Event: 5.837 loading class org/gradle/api/internal/DynamicObjectUtil
Event: 5.837 loading class org/gradle/api/internal/DynamicObjectUtil done
Event: 5.841 loading class org/gradle/api/internal/file/DefaultFileOperations
Event: 5.841 loading class org/gradle/api/internal/file/DefaultFileOperations done
Event: 5.842 loading class org/gradle/api/internal/file/collections/MinimalFileTree
Event: 5.842 loading class org/gradle/api/internal/file/collections/MinimalFileTree done
Event: 5.842 loading class org/gradle/api/internal/file/collections/MinimalFileCollection
Event: 5.842 loading class org/gradle/api/internal/file/collections/MinimalFileCollection done
Event: 5.846 loading class org/gradle/api/internal/file/BaseDirFileResolver
Event: 5.846 loading class org/gradle/api/internal/file/BaseDirFileResolver done


Dynamic libraries:
0x00007ff7c0960000 - 0x00007ff7c0997000 	C:\Program Files\Java\jdk1.8.0_91\bin\java.exe
0x00007ffbd4ef0000 - 0x00007ffbd50c1000 	C:\WINDOWS\SYSTEM32\ntdll.dll
0x00007ffbd4e40000 - 0x00007ffbd4eeb000 	C:\WINDOWS\System32\KERNEL32.DLL
0x00007ffbd1750000 - 0x00007ffbd196d000 	C:\WINDOWS\System32\KERNELBASE.dll
0x00007ffbd24a0000 - 0x00007ffbd2542000 	C:\WINDOWS\System32\ADVAPI32.dll
0x00007ffbd2550000 - 0x00007ffbd25ee000 	C:\WINDOWS\System32\msvcrt.dll
0x00007ffbd3760000 - 0x00007ffbd37b9000 	C:\WINDOWS\System32\sechost.dll
0x00007ffbd25f0000 - 0x00007ffbd2711000 	C:\WINDOWS\System32\RPCRT4.dll
0x00007ffbd37c0000 - 0x00007ffbd3925000 	C:\WINDOWS\System32\USER32.dll
0x00007ffbd1560000 - 0x00007ffbd157e000 	C:\WINDOWS\System32\win32u.dll
0x00007ffbd3720000 - 0x00007ffbd3754000 	C:\WINDOWS\System32\GDI32.dll
0x00007ffbd1a20000 - 0x00007ffbd1ba2000 	C:\WINDOWS\System32\gdi32full.dll
0x00007ffbcc630000 - 0x00007ffbcc8a9000 	C:\WINDOWS\WinSxS\amd64_microsoft.windows.common-controls_6595b64144ccf1df_6.0.14393.447_none_42191651c6827bb3\COMCTL32.dll
0x00007ffbd2ef0000 - 0x00007ffbd31b8000 	C:\WINDOWS\System32\combase.dll
0x00007ffbd1bb0000 - 0x00007ffbd1ca5000 	C:\WINDOWS\System32\ucrtbase.dll
0x00007ffbd14f0000 - 0x00007ffbd155a000 	C:\WINDOWS\System32\bcryptPrimitives.dll
0x00007ffbd3530000 - 0x00007ffbd355e000 	C:\WINDOWS\System32\IMM32.DLL
0x0000000057ea0000 - 0x0000000057f72000 	C:\Program Files\Java\jdk1.8.0_91\jre\bin\msvcr100.dll
0x0000000057600000 - 0x0000000057e93000 	C:\Program Files\Java\jdk1.8.0_91\jre\bin\server\jvm.dll
0x00007ffbd3330000 - 0x00007ffbd3338000 	C:\WINDOWS\System32\PSAPI.DLL
0x00007ffbcc8b0000 - 0x00007ffbcc8ba000 	C:\WINDOWS\SYSTEM32\VERSION.dll
0x00007ffbce980000 - 0x00007ffbce9a3000 	C:\WINDOWS\SYSTEM32\WINMM.dll
0x00007ffbae630000 - 0x00007ffbae639000 	C:\WINDOWS\SYSTEM32\WSOCK32.dll
0x00007ffbd2c70000 - 0x00007ffbd2cda000 	C:\WINDOWS\System32\WS2_32.dll
0x00007ffbce950000 - 0x00007ffbce97b000 	C:\WINDOWS\SYSTEM32\WINMMBASE.dll
0x00007ffbd2430000 - 0x00007ffbd2472000 	C:\WINDOWS\System32\cfgmgr32.dll
0x00000000575f0000 - 0x00000000575ff000 	C:\Program Files\Java\jdk1.8.0_91\jre\bin\verify.dll
0x00000000575c0000 - 0x00000000575e9000 	C:\Program Files\Java\jdk1.8.0_91\jre\bin\java.dll
0x00000000575a0000 - 0x00000000575b6000 	C:\Program Files\Java\jdk1.8.0_91\jre\bin\zip.dll
0x00007ffbd3930000 - 0x00007ffbd4e39000 	C:\WINDOWS\System32\SHELL32.dll
0x00007ffbd1cb0000 - 0x00007ffbd238a000 	C:\WINDOWS\System32\windows.storage.dll
0x00007ffbd1390000 - 0x00007ffbd13dc000 	C:\WINDOWS\System32\powrprof.dll
0x00007ffbd2bb0000 - 0x00007ffbd2c02000 	C:\WINDOWS\System32\shlwapi.dll
0x00007ffbd1380000 - 0x00007ffbd138f000 	C:\WINDOWS\System32\kernel.appcore.dll
0x00007ffbd1970000 - 0x00007ffbd1a19000 	C:\WINDOWS\System32\shcore.dll
0x00007ffbd1360000 - 0x00007ffbd1374000 	C:\WINDOWS\System32\profapi.dll
0x0000000057580000 - 0x000000005759a000 	C:\Program Files\Java\jdk1.8.0_91\jre\bin\net.dll
0x00007ffbd0c80000 - 0x00007ffbd0cdc000 	C:\WINDOWS\system32\mswsock.dll
0x0000000057560000 - 0x0000000057571000 	C:\Program Files\Java\jdk1.8.0_91\jre\bin\nio.dll
0x00007ffbb2090000 - 0x00007ffbb20a2000 	C:\Users\nande\.gradle\native\19\windows-amd64\native-platform.dll
0x00007ffbd0e20000 - 0x00007ffbd0e37000 	C:\WINDOWS\SYSTEM32\CRYPTSP.dll
0x00007ffbd0890000 - 0x00007ffbd08c3000 	C:\WINDOWS\system32\rsaenh.dll
0x00007ffbd0f30000 - 0x00007ffbd0f5b000 	C:\WINDOWS\SYSTEM32\bcrypt.dll
0x00007ffbd0b00000 - 0x00007ffbd0b1f000 	C:\WINDOWS\SYSTEM32\USERENV.dll
0x00007ffbd0e40000 - 0x00007ffbd0e4b000 	C:\WINDOWS\SYSTEM32\CRYPTBASE.dll
0x00007ffbd0a10000 - 0x00007ffbd0a48000 	C:\WINDOWS\SYSTEM32\IPHLPAPI.DLL
0x00007ffbd3320000 - 0x00007ffbd3328000 	C:\WINDOWS\System32\NSI.dll
0x00007ffbc7910000 - 0x00007ffbc7926000 	C:\WINDOWS\SYSTEM32\dhcpcsvc6.DLL
0x00007ffbc7a80000 - 0x00007ffbc7a9a000 	C:\WINDOWS\SYSTEM32\dhcpcsvc.DLL
0x0000000057550000 - 0x000000005755d000 	C:\Program Files\Java\jdk1.8.0_91\jre\bin\management.dll

VM Arguments:
jvm_args: -Xmx1536m -Dfile.encoding=windows-1252 -Duser.country=US -Duser.language=en -Duser.variant 
java_command: org.gradle.launcher.daemon.bootstrap.GradleDaemon 2.14.1
java_class_path (initial): C:\Program Files\Android\Android Studio\gradle\gradle-2.14.1\lib\gradle-launcher-2.14.1.jar
Launcher Type: SUN_STANDARD

Environment Variables:
PATH=C:\Program Files\Java\jdk1.8.0_91\bin;C:\ProgramData\Oracle\Java\javapath;C:\WINDOWS\system32;C:\WINDOWS;C:\WINDOWS\System32\Wbem;C:\WINDOWS\System32\WindowsPowerShell\v1.0\;C:\Program Files\Git\cmd;C:\Program Files\nodejs\;C:\Program Files (x86)\Heroku\bin;C:\Program Files (x86)\git\cmd;C:\Program Files (x86)\Git\cmd;C:\Users\nande\AppData\Local\Microsoft\WindowsApps;C:\Users\nande\AppData\Roaming\npm
USERNAME=nande
OS=Windows_NT
PROCESSOR_IDENTIFIER=Intel64 Family 6 Model 69 Stepping 1, GenuineIntel



---------------  S Y S T E M  ---------------

OS: Windows 10.0 , 64 bit Build 14393 (10.0.14393.0)

CPU:total 4 (2 cores per cpu, 2 threads per core) family 6 model 69 stepping 1, cmov, cx8, fxsr, mmx, sse, sse2, sse3, ssse3, sse4.1, sse4.2, popcnt, avx, avx2, aes, clmul, erms, lzcnt, ht, tsc, tscinvbit, bmi1, bmi2

Memory: 4k page, physical 12476780k(2937164k free), swap 50225516k(5516k free)

vm_info: Java HotSpot(TM) 64-Bit Server VM (25.91-b14) for windows-amd64 JRE (1.8.0_91-b14), built on Apr  1 2016 00:58:32 by "java_re" with MS VC++ 10.0 (VS2010)

time: Thu Feb 02 19:01:33 2017
elapsed time: 5 seconds (0d 0h 0m 5s)

